{
"contracts/dabb20.sol":{"l":{"10":26,"11":26,"15":21,"20":0},"path":"/home/user/work/dabblerUpdated/dabbler/contracts/dabb20.sol","s":{"1":26,"2":26,"3":21,"4":0},"b":{"1":[26,0]},"f":{"1":6,"2":26,"3":21,"4":0},"fnMap":{"1":{"name":"constructor","line":7,"loc":{"start":{"line":7,"column":4},"end":{"line":7,"column":19}}},"2":{"name":"Initialize","line":9,"loc":{"start":{"line":9,"column":4},"end":{"line":12,"column":4}}},"3":{"name":"mintdabb","line":14,"loc":{"start":{"line":14,"column":4},"end":{"line":16,"column":4}}},"4":{"name":"decimals","line":19,"loc":{"start":{"line":19,"column":5},"end":{"line":21,"column":1}}}},"statementMap":{"1":{"start":{"line":10,"column":8},"end":{"line":10,"column":48}},"2":{"start":{"line":11,"column":8},"end":{"line":11,"column":41}},"3":{"start":{"line":15,"column":8},"end":{"line":15,"column":33}},"4":{"start":{"line":20,"column":2},"end":{"line":20,"column":11}}},"branchMap":{"1":{"line":9,"type":"if","locations":[{"start":{"line":9,"column":33},"end":{"line":9,"column":33}},{"start":{"line":9,"column":33},"end":{"line":9,"column":33}}]}}},
"contracts/Dabbler.sol":{"l":{"64":26,"65":26,"66":26,"67":26,"68":26,"69":26,"70":26,"71":26,"75":14,"91":0,"95":0,"96":0,"139":14,"141":14,"143":14,"145":14,"147":13,"163":13,"183":0,"205":0,"232":0,"233":0,"246":0,"247":0,"251":0,"252":0,"258":0,"262":0,"264":0,"270":0,"276":0,"281":0,"296":0,"297":0,"298":0,"299":0,"300":0,"302":0,"303":0,"304":0,"306":0,"309":0,"311":0,"312":0,"313":0,"315":0,"328":0,"329":0,"330":0,"331":0,"332":0,"333":0,"334":0,"335":0,"339":0,"343":0,"344":0,"346":0,"351":0,"353":0,"357":0,"359":0,"361":0,"362":0,"365":0,"369":0,"370":0,"372":0,"377":0,"380":0,"388":0,"405":0,"406":0,"407":0,"408":0,"412":0,"413":0,"415":0,"421":0,"423":0,"424":0,"428":0,"429":0,"430":0,"436":0,"449":0},"path":"/home/user/work/dabblerUpdated/dabbler/contracts/Dabbler.sol","s":{"1":26,"2":26,"3":26,"4":26,"5":26,"6":14,"7":0,"8":0,"9":14,"10":14,"11":14,"12":13,"13":13,"14":0,"15":0,"16":0,"17":0,"18":0,"19":0,"20":0,"21":0,"22":0,"23":0,"24":0,"25":0,"26":0,"27":0,"28":0,"29":0,"30":0,"31":0,"32":0,"33":0,"34":0,"35":0,"36":0,"37":0,"38":0,"39":0,"40":0,"41":0,"42":0,"43":0,"44":0,"45":0,"46":0,"47":0,"48":0,"49":0,"50":0,"51":0,"52":0,"53":0,"54":0,"55":0,"56":0,"57":0,"58":0,"59":0,"60":0,"61":0,"62":0,"63":0,"64":0,"65":0,"66":0,"67":0},"b":{"1":[26,0],"2":[0,0],"3":[0,0],"4":[14,0],"5":[14,0],"6":[0,0],"7":[0,0],"8":[0,0],"9":[0,0],"10":[0,0],"11":[0,0],"12":[0,0],"13":[0,0],"14":[0,0],"15":[0,0],"16":[0,0],"17":[0,0],"18":[0,0],"19":[0,0],"20":[0,0],"21":[0,0],"22":[0,0],"23":[0,0],"24":[0,0]},"f":{"1":26,"2":14,"3":0,"4":14,"5":13,"6":0,"7":0,"8":0,"9":0,"10":0,"11":0,"12":0,"13":0},"fnMap":{"1":{"name":"initialize","line":62,"loc":{"start":{"line":57,"column":4},"end":{"line":72,"column":4}}},"2":{"name":"_feeDenominator","line":74,"loc":{"start":{"line":74,"column":4},"end":{"line":76,"column":4}}},"3":{"name":"safeMint","line":85,"loc":{"start":{"line":85,"column":4},"end":{"line":97,"column":4}}},"4":{"name":"lazyMint","line":132,"loc":{"start":{"line":132,"column":4},"end":{"line":148,"column":4}}},"5":{"name":"safeTransfer","line":157,"loc":{"start":{"line":157,"column":4},"end":{"line":164,"column":4}}},"6":{"name":"royaltyInfo","line":173,"loc":{"start":{"line":173,"column":4},"end":{"line":184,"column":4}}},"7":{"name":"offerListingHash","line":202,"loc":{"start":{"line":202,"column":4},"end":{"line":221,"column":4}}},"8":{"name":"verifyOfferListing","line":229,"loc":{"start":{"line":229,"column":4},"end":{"line":234,"column":4}}},"9":{"name":"placeOffer","line":242,"loc":{"start":{"line":242,"column":4},"end":{"line":283,"column":4}}},"10":{"name":"refund","line":291,"loc":{"start":{"line":291,"column":4},"end":{"line":317,"column":4}}},"11":{"name":"acceptOffer","line":324,"loc":{"start":{"line":324,"column":4},"end":{"line":390,"column":4}}},"12":{"name":"upgradeOffer","line":399,"loc":{"start":{"line":399,"column":4},"end":{"line":438,"column":4}}},"13":{"name":"supportsInterface","line":440,"loc":{"start":{"line":440,"column":4},"end":{"line":452,"column":4}}}},"statementMap":{"1":{"start":{"line":64,"column":8},"end":{"line":64,"column":27}},"2":{"start":{"line":65,"column":8},"end":{"line":65,"column":33}},"3":{"start":{"line":66,"column":8},"end":{"line":66,"column":33}},"4":{"start":{"line":67,"column":8},"end":{"line":67,"column":33}},"5":{"start":{"line":70,"column":8},"end":{"line":70,"column":46}},"6":{"start":{"line":75,"column":8},"end":{"line":75,"column":22}},"7":{"start":{"line":91,"column":8},"end":{"line":91,"column":3567}},"8":{"start":{"line":96,"column":8},"end":{"line":96,"column":41}},"9":{"start":{"line":139,"column":8},"end":{"line":139,"column":70}},"10":{"start":{"line":141,"column":8},"end":{"line":141,"column":44}},"11":{"start":{"line":143,"column":8},"end":{"line":143,"column":55}},"12":{"start":{"line":147,"column":8},"end":{"line":147,"column":64}},"13":{"start":{"line":163,"column":8},"end":{"line":163,"column":64}},"14":{"start":{"line":183,"column":8},"end":{"line":183,"column":52}},"15":{"start":{"line":205,"column":8},"end":{"line":205,"column":6995}},"16":{"start":{"line":232,"column":8},"end":{"line":232,"column":50}},"17":{"start":{"line":233,"column":8},"end":{"line":233,"column":66}},"18":{"start":{"line":246,"column":8},"end":{"line":246,"column":45}},"19":{"start":{"line":247,"column":8},"end":{"line":247,"column":8537}},"20":{"start":{"line":251,"column":8},"end":{"line":251,"column":8672}},"21":{"start":{"line":252,"column":12},"end":{"line":252,"column":8705}},"22":{"start":{"line":262,"column":12},"end":{"line":262,"column":184}},"23":{"start":{"line":264,"column":12},"end":{"line":264,"column":9243}},"24":{"start":{"line":270,"column":12},"end":{"line":270,"column":9453}},"25":{"start":{"line":281,"column":9},"end":{"line":281,"column":182}},"26":{"start":{"line":296,"column":8},"end":{"line":296,"column":47}},"27":{"start":{"line":297,"column":8},"end":{"line":297,"column":10586}},"28":{"start":{"line":298,"column":12},"end":{"line":298,"column":75}},"29":{"start":{"line":299,"column":12},"end":{"line":299,"column":76}},"30":{"start":{"line":300,"column":12},"end":{"line":300,"column":10846}},"31":{"start":{"line":302,"column":12},"end":{"line":302,"column":63}},"32":{"start":{"line":304,"column":12},"end":{"line":304,"column":57}},"33":{"start":{"line":306,"column":12},"end":{"line":306,"column":93}},"34":{"start":{"line":309,"column":12},"end":{"line":309,"column":76}},"35":{"start":{"line":311,"column":12},"end":{"line":311,"column":78}},"36":{"start":{"line":313,"column":12},"end":{"line":313,"column":57}},"37":{"start":{"line":315,"column":14},"end":{"line":315,"column":95}},"38":{"start":{"line":328,"column":8},"end":{"line":328,"column":71}},"39":{"start":{"line":329,"column":8},"end":{"line":329,"column":30}},"40":{"start":{"line":330,"column":8},"end":{"line":330,"column":29}},"41":{"start":{"line":331,"column":8},"end":{"line":331,"column":31}},"42":{"start":{"line":332,"column":8},"end":{"line":332,"column":26}},"43":{"start":{"line":333,"column":8},"end":{"line":333,"column":12240}},"44":{"start":{"line":339,"column":12},"end":{"line":339,"column":12475}},"45":{"start":{"line":346,"column":12},"end":{"line":346,"column":12718}},"46":{"start":{"line":351,"column":12},"end":{"line":351,"column":61}},"47":{"start":{"line":353,"column":12},"end":{"line":353,"column":181}},"48":{"start":{"line":357,"column":12},"end":{"line":357,"column":61}},"49":{"start":{"line":359,"column":12},"end":{"line":359,"column":69}},"50":{"start":{"line":365,"column":12},"end":{"line":365,"column":13494}},"51":{"start":{"line":372,"column":12},"end":{"line":372,"column":13737}},"52":{"start":{"line":377,"column":12},"end":{"line":377,"column":61}},"53":{"start":{"line":380,"column":8},"end":{"line":380,"column":13939}},"54":{"start":{"line":388,"column":10},"end":{"line":388,"column":179}},"55":{"start":{"line":405,"column":8},"end":{"line":405,"column":47}},"56":{"start":{"line":406,"column":8},"end":{"line":406,"column":14995}},"57":{"start":{"line":407,"column":12},"end":{"line":407,"column":76}},"58":{"start":{"line":408,"column":12},"end":{"line":408,"column":15128}},"59":{"start":{"line":412,"column":12},"end":{"line":412,"column":59}},"60":{"start":{"line":415,"column":12},"end":{"line":415,"column":15404}},"61":{"start":{"line":421,"column":12},"end":{"line":421,"column":103}},"62":{"start":{"line":423,"column":12},"end":{"line":423,"column":76}},"63":{"start":{"line":424,"column":12},"end":{"line":424,"column":15791}},"64":{"start":{"line":428,"column":12},"end":{"line":428,"column":59}},"65":{"start":{"line":430,"column":12},"end":{"line":430,"column":16066}},"66":{"start":{"line":436,"column":13},"end":{"line":436,"column":104}},"67":{"start":{"line":449,"column":8},"end":{"line":449,"column":16581}}},"branchMap":{"1":{"line":62,"type":"if","locations":[{"start":{"line":62,"column":13},"end":{"line":62,"column":13}},{"start":{"line":62,"column":13},"end":{"line":62,"column":13}}]},"2":{"line":91,"type":"if","locations":[{"start":{"line":91,"column":8},"end":{"line":91,"column":8}},{"start":{"line":91,"column":8},"end":{"line":91,"column":8}}]},"3":{"line":92,"type":"cond-expr","locations":[{"start":{"line":92,"column":12},"end":{"line":92,"column":30}},{"start":{"line":92,"column":35},"end":{"line":92,"column":59}}]},"4":{"line":139,"type":"if","locations":[{"start":{"line":139,"column":8},"end":{"line":139,"column":8}},{"start":{"line":139,"column":8},"end":{"line":139,"column":8}}]},"5":{"line":139,"type":"cond-expr","locations":[{"start":{"line":139,"column":16},"end":{"line":139,"column":40}},{"start":{"line":139,"column":45},"end":{"line":139,"column":63}}]},"6":{"line":246,"type":"if","locations":[{"start":{"line":246,"column":8},"end":{"line":246,"column":8}},{"start":{"line":246,"column":8},"end":{"line":246,"column":8}}]},"7":{"line":247,"type":"if","locations":[{"start":{"line":247,"column":8},"end":{"line":247,"column":8}},{"start":{"line":247,"column":8},"end":{"line":247,"column":8}}]},"8":{"line":251,"type":"if","locations":[{"start":{"line":251,"column":8},"end":{"line":251,"column":8}},{"start":{"line":251,"column":8},"end":{"line":251,"column":8}}]},"9":{"line":264,"type":"if","locations":[{"start":{"line":264,"column":12},"end":{"line":264,"column":12}},{"start":{"line":264,"column":12},"end":{"line":264,"column":12}}]},"10":{"line":296,"type":"if","locations":[{"start":{"line":296,"column":8},"end":{"line":296,"column":8}},{"start":{"line":296,"column":8},"end":{"line":296,"column":8}}]},"11":{"line":297,"type":"if","locations":[{"start":{"line":297,"column":8},"end":{"line":297,"column":8}},{"start":{"line":297,"column":8},"end":{"line":297,"column":8}}]},"12":{"line":298,"type":"if","locations":[{"start":{"line":298,"column":12},"end":{"line":298,"column":12}},{"start":{"line":298,"column":12},"end":{"line":298,"column":12}}]},"13":{"line":309,"type":"if","locations":[{"start":{"line":309,"column":12},"end":{"line":309,"column":12}},{"start":{"line":309,"column":12},"end":{"line":309,"column":12}}]},"14":{"line":328,"type":"if","locations":[{"start":{"line":328,"column":8},"end":{"line":328,"column":8}},{"start":{"line":328,"column":8},"end":{"line":328,"column":8}}]},"15":{"line":333,"type":"if","locations":[{"start":{"line":333,"column":8},"end":{"line":333,"column":8}},{"start":{"line":333,"column":8},"end":{"line":333,"column":8}}]},"16":{"line":357,"type":"if","locations":[{"start":{"line":357,"column":12},"end":{"line":357,"column":12}},{"start":{"line":357,"column":12},"end":{"line":357,"column":12}}]},"17":{"line":359,"type":"if","locations":[{"start":{"line":359,"column":12},"end":{"line":359,"column":12}},{"start":{"line":359,"column":12},"end":{"line":359,"column":12}}]},"18":{"line":405,"type":"if","locations":[{"start":{"line":405,"column":8},"end":{"line":405,"column":8}},{"start":{"line":405,"column":8},"end":{"line":405,"column":8}}]},"19":{"line":406,"type":"if","locations":[{"start":{"line":406,"column":8},"end":{"line":406,"column":8}},{"start":{"line":406,"column":8},"end":{"line":406,"column":8}}]},"20":{"line":407,"type":"if","locations":[{"start":{"line":407,"column":12},"end":{"line":407,"column":12}},{"start":{"line":407,"column":12},"end":{"line":407,"column":12}}]},"21":{"line":412,"type":"if","locations":[{"start":{"line":412,"column":12},"end":{"line":412,"column":12}},{"start":{"line":412,"column":12},"end":{"line":412,"column":12}}]},"22":{"line":423,"type":"if","locations":[{"start":{"line":423,"column":12},"end":{"line":423,"column":12}},{"start":{"line":423,"column":12},"end":{"line":423,"column":12}}]},"23":{"line":428,"type":"if","locations":[{"start":{"line":428,"column":12},"end":{"line":428,"column":12}},{"start":{"line":428,"column":12},"end":{"line":428,"column":12}}]},"24":{"line":450,"type":"cond-expr","locations":[{"start":{"line":450,"column":12},"end":{"line":450,"column":63}},{"start":{"line":451,"column":12},"end":{"line":451,"column":47}}]}}},
"contracts/getinit.sol":{"l":{"10":2,"11":2},"path":"/home/user/work/dabblerUpdated/dabbler/contracts/getinit.sol","s":{"1":2,"2":2},"b":{},"f":{"1":2},"fnMap":{"1":{"name":"getInitHash","line":9,"loc":{"start":{"line":9,"column":4},"end":{"line":13,"column":4}}}},"statementMap":{"1":{"start":{"line":10,"column":8},"end":{"line":10,"column":64}},"2":{"start":{"line":11,"column":8},"end":{"line":11,"column":52}}},"branchMap":{}},
"contracts/interface/events.sol":{"l":{},"path":"/home/user/work/dabblerUpdated/dabbler/contracts/interface/events.sol","s":{},"b":{},"f":{},"fnMap":{},"statementMap":{},"branchMap":{}},
"contracts/interface/IDEBNFT.sol":{"l":{},"path":"/home/user/work/dabblerUpdated/dabbler/contracts/interface/IDEBNFT.sol","s":{},"b":{},"f":{},"fnMap":{},"statementMap":{},"branchMap":{}},
"contracts/interface/INFT.sol":{"l":{},"path":"/home/user/work/dabblerUpdated/dabbler/contracts/interface/INFT.sol","s":{},"b":{},"f":{},"fnMap":{},"statementMap":{},"branchMap":{}},
"contracts/interfaces/IERC20 copy.sol":{"l":{},"path":"/home/user/work/dabblerUpdated/dabbler/contracts/interfaces/IERC20 copy.sol","s":{},"b":{},"f":{},"fnMap":{},"statementMap":{},"branchMap":{}},
"contracts/interfaces/IERC20.sol":{"l":{},"path":"/home/user/work/dabblerUpdated/dabbler/contracts/interfaces/IERC20.sol","s":{},"b":{},"f":{},"fnMap":{},"statementMap":{},"branchMap":{}},
"contracts/interfaces/IUniswapV2Callee.sol":{"l":{},"path":"/home/user/work/dabblerUpdated/dabbler/contracts/interfaces/IUniswapV2Callee.sol","s":{},"b":{},"f":{},"fnMap":{},"statementMap":{},"branchMap":{}},
"contracts/interfaces/IUniswapV2ERC20.sol":{"l":{},"path":"/home/user/work/dabblerUpdated/dabbler/contracts/interfaces/IUniswapV2ERC20.sol","s":{},"b":{},"f":{},"fnMap":{},"statementMap":{},"branchMap":{}},
"contracts/interfaces/IUniswapV2Factory.sol":{"l":{},"path":"/home/user/work/dabblerUpdated/dabbler/contracts/interfaces/IUniswapV2Factory.sol","s":{},"b":{},"f":{},"fnMap":{},"statementMap":{},"branchMap":{}},
"contracts/interfaces/IUniswapV2Migrator.sol":{"l":{},"path":"/home/user/work/dabblerUpdated/dabbler/contracts/interfaces/IUniswapV2Migrator.sol","s":{},"b":{},"f":{},"fnMap":{},"statementMap":{},"branchMap":{}},
"contracts/interfaces/IUniswapV2Pair.sol":{"l":{},"path":"/home/user/work/dabblerUpdated/dabbler/contracts/interfaces/IUniswapV2Pair.sol","s":{},"b":{},"f":{},"fnMap":{},"statementMap":{},"branchMap":{}},
"contracts/interfaces/IUniswapV2Router01.sol":{"l":{},"path":"/home/user/work/dabblerUpdated/dabbler/contracts/interfaces/IUniswapV2Router01.sol","s":{},"b":{},"f":{},"fnMap":{},"statementMap":{},"branchMap":{}},
"contracts/interfaces/IUniswapV2Router02.sol":{"l":{},"path":"/home/user/work/dabblerUpdated/dabbler/contracts/interfaces/IUniswapV2Router02.sol","s":{},"b":{},"f":{},"fnMap":{},"statementMap":{},"branchMap":{}},
"contracts/interfaces/IWETH.sol":{"l":{},"path":"/home/user/work/dabblerUpdated/dabbler/contracts/interfaces/IWETH.sol","s":{},"b":{},"f":{},"fnMap":{},"statementMap":{},"branchMap":{}},
"contracts/interfaces/V1/IUniswapV1Exchange.sol":{"l":{},"path":"/home/user/work/dabblerUpdated/dabbler/contracts/interfaces/V1/IUniswapV1Exchange.sol","s":{},"b":{},"f":{},"fnMap":{},"statementMap":{},"branchMap":{}},
"contracts/interfaces/V1/IUniswapV1Factory.sol":{"l":{},"path":"/home/user/work/dabblerUpdated/dabbler/contracts/interfaces/V1/IUniswapV1Factory.sol","s":{},"b":{},"f":{},"fnMap":{},"statementMap":{},"branchMap":{}},
"contracts/lib/contracts/libraries/AddressStringUtil.sol":{"l":{"7":0,"9":0,"10":0,"11":0,"13":0,"15":0,"17":0,"18":0,"19":0,"21":0,"28":0,"29":0,"31":0},"path":"/home/user/work/dabblerUpdated/dabbler/contracts/lib/contracts/libraries/AddressStringUtil.sol","s":{"1":0,"2":0,"3":0,"4":0,"5":0,"6":0,"7":0,"8":0,"9":0,"10":0,"11":0},"b":{"1":[0,0],"2":[0,0]},"f":{"1":0,"2":0},"fnMap":{"1":{"name":"toAsciiString","line":6,"loc":{"start":{"line":6,"column":4},"end":{"line":22,"column":4}}},"2":{"name":"char","line":27,"loc":{"start":{"line":27,"column":4},"end":{"line":33,"column":4}}}},"statementMap":{"1":{"start":{"line":7,"column":8},"end":{"line":7,"column":86}},"2":{"start":{"line":9,"column":8},"end":{"line":9,"column":39}},"3":{"start":{"line":10,"column":8},"end":{"line":10,"column":39}},"4":{"start":{"line":11,"column":8},"end":{"line":11,"column":476}},"5":{"start":{"line":13,"column":12},"end":{"line":13,"column":54}},"6":{"start":{"line":15,"column":12},"end":{"line":15,"column":29}},"7":{"start":{"line":17,"column":12},"end":{"line":17,"column":36}},"8":{"start":{"line":21,"column":8},"end":{"line":21,"column":24}},"9":{"start":{"line":28,"column":8},"end":{"line":28,"column":1265}},"10":{"start":{"line":29,"column":12},"end":{"line":29,"column":35}},"11":{"start":{"line":31,"column":12},"end":{"line":31,"column":35}}},"branchMap":{"1":{"line":7,"type":"if","locations":[{"start":{"line":7,"column":8},"end":{"line":7,"column":8}},{"start":{"line":7,"column":8},"end":{"line":7,"column":8}}]},"2":{"line":28,"type":"if","locations":[{"start":{"line":28,"column":8},"end":{"line":28,"column":8}},{"start":{"line":28,"column":8},"end":{"line":28,"column":8}}]}}},
"contracts/lib/contracts/libraries/Babylonian.sol":{"l":{"10":0,"13":0,"14":0,"15":0,"16":0,"17":0,"19":0,"20":0,"21":0,"23":0,"24":0,"25":0,"27":0,"28":0,"29":0,"31":0,"32":0,"33":0,"35":0,"36":0,"37":0,"39":0,"40":0,"42":0,"43":0,"44":0,"45":0,"46":0,"47":0,"48":0,"49":0,"50":0},"path":"/home/user/work/dabblerUpdated/dabbler/contracts/lib/contracts/libraries/Babylonian.sol","s":{"1":0,"2":0,"3":0,"4":0,"5":0,"6":0,"7":0,"8":0,"9":0,"10":0,"11":0,"12":0,"13":0},"b":{"1":[0,0],"2":[0,0],"3":[0,0],"4":[0,0],"5":[0,0],"6":[0,0],"7":[0,0],"8":[0,0],"9":[0,0]},"f":{"1":0},"fnMap":{"1":{"name":"sqrt","line":9,"loc":{"start":{"line":9,"column":4},"end":{"line":51,"column":4}}}},"statementMap":{"1":{"start":{"line":10,"column":8},"end":{"line":10,"column":28}},"2":{"start":{"line":10,"column":20},"end":{"line":10,"column":28}},"3":{"start":{"line":13,"column":8},"end":{"line":13,"column":22}},"4":{"start":{"line":14,"column":8},"end":{"line":14,"column":21}},"5":{"start":{"line":15,"column":8},"end":{"line":15,"column":672}},"6":{"start":{"line":19,"column":8},"end":{"line":19,"column":785}},"7":{"start":{"line":23,"column":8},"end":{"line":23,"column":881}},"8":{"start":{"line":27,"column":8},"end":{"line":27,"column":969}},"9":{"start":{"line":31,"column":8},"end":{"line":31,"column":1052}},"10":{"start":{"line":35,"column":8},"end":{"line":35,"column":1132}},"11":{"start":{"line":39,"column":8},"end":{"line":39,"column":1211}},"12":{"start":{"line":49,"column":8},"end":{"line":49,"column":26}},"13":{"start":{"line":50,"column":8},"end":{"line":50,"column":32}}},"branchMap":{"1":{"line":10,"type":"if","locations":[{"start":{"line":10,"column":8},"end":{"line":10,"column":8}},{"start":{"line":10,"column":8},"end":{"line":10,"column":8}}]},"2":{"line":15,"type":"if","locations":[{"start":{"line":15,"column":8},"end":{"line":15,"column":8}},{"start":{"line":15,"column":8},"end":{"line":15,"column":8}}]},"3":{"line":19,"type":"if","locations":[{"start":{"line":19,"column":8},"end":{"line":19,"column":8}},{"start":{"line":19,"column":8},"end":{"line":19,"column":8}}]},"4":{"line":23,"type":"if","locations":[{"start":{"line":23,"column":8},"end":{"line":23,"column":8}},{"start":{"line":23,"column":8},"end":{"line":23,"column":8}}]},"5":{"line":27,"type":"if","locations":[{"start":{"line":27,"column":8},"end":{"line":27,"column":8}},{"start":{"line":27,"column":8},"end":{"line":27,"column":8}}]},"6":{"line":31,"type":"if","locations":[{"start":{"line":31,"column":8},"end":{"line":31,"column":8}},{"start":{"line":31,"column":8},"end":{"line":31,"column":8}}]},"7":{"line":35,"type":"if","locations":[{"start":{"line":35,"column":8},"end":{"line":35,"column":8}},{"start":{"line":35,"column":8},"end":{"line":35,"column":8}}]},"8":{"line":39,"type":"if","locations":[{"start":{"line":39,"column":8},"end":{"line":39,"column":8}},{"start":{"line":39,"column":8},"end":{"line":39,"column":8}}]},"9":{"line":50,"type":"if","locations":[{"start":{"line":50,"column":25},"end":{"line":50,"column":25}},{"start":{"line":50,"column":29},"end":{"line":50,"column":30}}]}}},
"contracts/lib/contracts/libraries/BitMath.sol":{"l":{"8":0,"10":0,"11":0,"12":0,"14":0,"15":0,"16":0,"18":0,"19":0,"20":0,"22":0,"23":0,"24":0,"26":0,"27":0,"28":0,"30":0,"31":0,"32":0,"34":0,"35":0,"36":0,"38":0,"45":0,"47":0,"48":0,"49":0,"51":0,"53":0,"54":0,"56":0,"58":0,"59":0,"61":0,"63":0,"64":0,"66":0,"68":0,"69":0,"71":0,"73":0,"74":0,"76":0,"78":0,"79":0,"81":0,"83":0},"path":"/home/user/work/dabblerUpdated/dabbler/contracts/lib/contracts/libraries/BitMath.sol","s":{"1":0,"2":0,"3":0,"4":0,"5":0,"6":0,"7":0,"8":0,"9":0,"10":0,"11":0,"12":0,"13":0,"14":0,"15":0,"16":0,"17":0,"18":0},"b":{"1":[0,0],"2":[0,0],"3":[0,0],"4":[0,0],"5":[0,0],"6":[0,0],"7":[0,0],"8":[0,0],"9":[0,0],"10":[0,0],"11":[0,0],"12":[0,0],"13":[0,0],"14":[0,0],"15":[0,0],"16":[0,0],"17":[0,0],"18":[0,0]},"f":{"1":0,"2":0},"fnMap":{"1":{"name":"mostSignificantBit","line":7,"loc":{"start":{"line":7,"column":4},"end":{"line":39,"column":4}}},"2":{"name":"leastSignificantBit","line":44,"loc":{"start":{"line":44,"column":4},"end":{"line":84,"column":4}}}},"statementMap":{"1":{"start":{"line":8,"column":8},"end":{"line":8,"column":58}},"2":{"start":{"line":10,"column":8},"end":{"line":10,"column":355}},"3":{"start":{"line":14,"column":8},"end":{"line":14,"column":466}},"4":{"start":{"line":18,"column":8},"end":{"line":18,"column":559}},"5":{"start":{"line":22,"column":8},"end":{"line":22,"column":644}},"6":{"start":{"line":26,"column":8},"end":{"line":26,"column":725}},"7":{"start":{"line":30,"column":8},"end":{"line":30,"column":802}},"8":{"start":{"line":34,"column":8},"end":{"line":34,"column":878}},"9":{"start":{"line":38,"column":8},"end":{"line":38,"column":28}},"10":{"start":{"line":45,"column":8},"end":{"line":45,"column":59}},"11":{"start":{"line":48,"column":8},"end":{"line":48,"column":1367}},"12":{"start":{"line":53,"column":8},"end":{"line":53,"column":1480}},"13":{"start":{"line":58,"column":8},"end":{"line":58,"column":1590}},"14":{"start":{"line":63,"column":8},"end":{"line":63,"column":1700}},"15":{"start":{"line":68,"column":8},"end":{"line":68,"column":1810}},"16":{"start":{"line":73,"column":8},"end":{"line":73,"column":1917}},"17":{"start":{"line":78,"column":8},"end":{"line":78,"column":2012}},"18":{"start":{"line":83,"column":8},"end":{"line":83,"column":31}}},"branchMap":{"1":{"line":8,"type":"if","locations":[{"start":{"line":8,"column":8},"end":{"line":8,"column":8}},{"start":{"line":8,"column":8},"end":{"line":8,"column":8}}]},"2":{"line":10,"type":"if","locations":[{"start":{"line":10,"column":8},"end":{"line":10,"column":8}},{"start":{"line":10,"column":8},"end":{"line":10,"column":8}}]},"3":{"line":14,"type":"if","locations":[{"start":{"line":14,"column":8},"end":{"line":14,"column":8}},{"start":{"line":14,"column":8},"end":{"line":14,"column":8}}]},"4":{"line":18,"type":"if","locations":[{"start":{"line":18,"column":8},"end":{"line":18,"column":8}},{"start":{"line":18,"column":8},"end":{"line":18,"column":8}}]},"5":{"line":22,"type":"if","locations":[{"start":{"line":22,"column":8},"end":{"line":22,"column":8}},{"start":{"line":22,"column":8},"end":{"line":22,"column":8}}]},"6":{"line":26,"type":"if","locations":[{"start":{"line":26,"column":8},"end":{"line":26,"column":8}},{"start":{"line":26,"column":8},"end":{"line":26,"column":8}}]},"7":{"line":30,"type":"if","locations":[{"start":{"line":30,"column":8},"end":{"line":30,"column":8}},{"start":{"line":30,"column":8},"end":{"line":30,"column":8}}]},"8":{"line":34,"type":"if","locations":[{"start":{"line":34,"column":8},"end":{"line":34,"column":8}},{"start":{"line":34,"column":8},"end":{"line":34,"column":8}}]},"9":{"line":38,"type":"if","locations":[{"start":{"line":38,"column":8},"end":{"line":38,"column":8}},{"start":{"line":38,"column":8},"end":{"line":38,"column":8}}]},"10":{"line":45,"type":"if","locations":[{"start":{"line":45,"column":8},"end":{"line":45,"column":8}},{"start":{"line":45,"column":8},"end":{"line":45,"column":8}}]},"11":{"line":48,"type":"if","locations":[{"start":{"line":48,"column":8},"end":{"line":48,"column":8}},{"start":{"line":48,"column":8},"end":{"line":48,"column":8}}]},"12":{"line":53,"type":"if","locations":[{"start":{"line":53,"column":8},"end":{"line":53,"column":8}},{"start":{"line":53,"column":8},"end":{"line":53,"column":8}}]},"13":{"line":58,"type":"if","locations":[{"start":{"line":58,"column":8},"end":{"line":58,"column":8}},{"start":{"line":58,"column":8},"end":{"line":58,"column":8}}]},"14":{"line":63,"type":"if","locations":[{"start":{"line":63,"column":8},"end":{"line":63,"column":8}},{"start":{"line":63,"column":8},"end":{"line":63,"column":8}}]},"15":{"line":68,"type":"if","locations":[{"start":{"line":68,"column":8},"end":{"line":68,"column":8}},{"start":{"line":68,"column":8},"end":{"line":68,"column":8}}]},"16":{"line":73,"type":"if","locations":[{"start":{"line":73,"column":8},"end":{"line":73,"column":8}},{"start":{"line":73,"column":8},"end":{"line":73,"column":8}}]},"17":{"line":78,"type":"if","locations":[{"start":{"line":78,"column":8},"end":{"line":78,"column":8}},{"start":{"line":78,"column":8},"end":{"line":78,"column":8}}]},"18":{"line":83,"type":"if","locations":[{"start":{"line":83,"column":8},"end":{"line":83,"column":8}},{"start":{"line":83,"column":8},"end":{"line":83,"column":8}}]}}},
"contracts/lib/contracts/libraries/SafeERC20Namer.sol":{"l":{"10":0,"11":0,"12":0,"13":0,"14":0,"15":0,"16":0,"19":0,"20":0,"21":0,"23":0,"28":0,"30":0,"31":0,"32":0,"35":0,"36":0,"37":0,"40":0,"46":0,"52":0,"57":0,"59":0,"60":0,"63":0,"64":0,"65":0,"67":0,"69":0,"75":0,"76":0,"78":0,"80":0,"86":0,"87":0,"89":0,"91":0},"path":"/home/user/work/dabblerUpdated/dabbler/contracts/lib/contracts/libraries/SafeERC20Namer.sol","s":{"1":0,"2":0,"3":0,"4":0,"5":0,"6":0,"7":0,"8":0,"9":0,"10":0,"11":0,"12":0,"13":0,"14":0,"15":0,"16":0,"17":0,"18":0,"19":0,"20":0,"21":0,"22":0,"23":0,"24":0,"25":0,"26":0,"27":0,"28":0,"29":0,"30":0,"31":0,"32":0},"b":{"1":[0,0],"2":[0,0],"3":[0,0],"4":[0,0],"5":[0,0],"6":[0,0],"7":[0,0]},"f":{"1":0,"2":0,"3":0,"4":0,"5":0,"6":0,"7":0},"fnMap":{"1":{"name":"bytes32ToString","line":9,"loc":{"start":{"line":9,"column":4},"end":{"line":24,"column":4}}},"2":{"name":"parseStringData","line":27,"loc":{"start":{"line":27,"column":4},"end":{"line":41,"column":4}}},"3":{"name":"addressToName","line":45,"loc":{"start":{"line":45,"column":4},"end":{"line":47,"column":4}}},"4":{"name":"addressToSymbol","line":51,"loc":{"start":{"line":51,"column":4},"end":{"line":53,"column":4}}},"5":{"name":"callAndParseStringReturn","line":56,"loc":{"start":{"line":56,"column":4},"end":{"line":70,"column":4}}},"6":{"name":"tokenSymbol","line":73,"loc":{"start":{"line":73,"column":4},"end":{"line":81,"column":4}}},"7":{"name":"tokenName","line":84,"loc":{"start":{"line":84,"column":4},"end":{"line":92,"column":4}}}},"statementMap":{"1":{"start":{"line":10,"column":8},"end":{"line":10,"column":48}},"2":{"start":{"line":11,"column":8},"end":{"line":11,"column":29}},"3":{"start":{"line":12,"column":8},"end":{"line":12,"column":490}},"4":{"start":{"line":13,"column":12},"end":{"line":13,"column":30}},"5":{"start":{"line":14,"column":12},"end":{"line":14,"column":573}},"6":{"start":{"line":19,"column":8},"end":{"line":19,"column":62}},"7":{"start":{"line":20,"column":8},"end":{"line":20,"column":758}},"8":{"start":{"line":23,"column":8},"end":{"line":23,"column":41}},"9":{"start":{"line":28,"column":8},"end":{"line":28,"column":29}},"10":{"start":{"line":30,"column":8},"end":{"line":30,"column":1129}},"11":{"start":{"line":35,"column":8},"end":{"line":35,"column":62}},"12":{"start":{"line":36,"column":8},"end":{"line":36,"column":1315}},"13":{"start":{"line":40,"column":8},"end":{"line":40,"column":41}},"14":{"start":{"line":46,"column":8},"end":{"line":46,"column":57}},"15":{"start":{"line":52,"column":8},"end":{"line":52,"column":56}},"16":{"start":{"line":57,"column":8},"end":{"line":57,"column":94}},"17":{"start":{"line":59,"column":8},"end":{"line":59,"column":2457}},"18":{"start":{"line":60,"column":12},"end":{"line":60,"column":21}},"19":{"start":{"line":63,"column":8},"end":{"line":63,"column":2579}},"20":{"start":{"line":64,"column":12},"end":{"line":64,"column":57}},"21":{"start":{"line":65,"column":12},"end":{"line":65,"column":43}},"22":{"start":{"line":66,"column":15},"end":{"line":66,"column":2723}},"23":{"start":{"line":67,"column":12},"end":{"line":67,"column":45}},"24":{"start":{"line":69,"column":8},"end":{"line":69,"column":17}},"25":{"start":{"line":75,"column":8},"end":{"line":75,"column":74}},"26":{"start":{"line":76,"column":8},"end":{"line":76,"column":3168}},"27":{"start":{"line":78,"column":12},"end":{"line":78,"column":41}},"28":{"start":{"line":80,"column":8},"end":{"line":80,"column":21}},"29":{"start":{"line":86,"column":8},"end":{"line":86,"column":72}},"30":{"start":{"line":87,"column":8},"end":{"line":87,"column":3664}},"31":{"start":{"line":89,"column":12},"end":{"line":89,"column":39}},"32":{"start":{"line":91,"column":8},"end":{"line":91,"column":19}}},"branchMap":{"1":{"line":14,"type":"if","locations":[{"start":{"line":14,"column":12},"end":{"line":14,"column":12}},{"start":{"line":14,"column":12},"end":{"line":14,"column":12}}]},"2":{"line":59,"type":"if","locations":[{"start":{"line":59,"column":8},"end":{"line":59,"column":8}},{"start":{"line":59,"column":8},"end":{"line":59,"column":8}}]},"3":{"line":59,"type":"cond-expr","locations":[{"start":{"line":59,"column":12},"end":{"line":59,"column":19}},{"start":{"line":59,"column":24},"end":{"line":59,"column":39}}]},"4":{"line":63,"type":"if","locations":[{"start":{"line":63,"column":8},"end":{"line":63,"column":8}},{"start":{"line":63,"column":8},"end":{"line":63,"column":8}}]},"5":{"line":66,"type":"if","locations":[{"start":{"line":66,"column":15},"end":{"line":66,"column":15}},{"start":{"line":66,"column":15},"end":{"line":66,"column":15}}]},"6":{"line":76,"type":"if","locations":[{"start":{"line":76,"column":8},"end":{"line":76,"column":8}},{"start":{"line":76,"column":8},"end":{"line":76,"column":8}}]},"7":{"line":87,"type":"if","locations":[{"start":{"line":87,"column":8},"end":{"line":87,"column":8}},{"start":{"line":87,"column":8},"end":{"line":87,"column":8}}]}}},
"contracts/lib/contracts/libraries/TransferHelper.sol":{"l":{"12":0,"13":0,"25":0,"26":0,"39":26,"41":26,"48":14,"49":14},"path":"/home/user/work/dabblerUpdated/dabbler/contracts/lib/contracts/libraries/TransferHelper.sol","s":{"1":0,"2":0,"3":0,"4":0,"5":26,"6":26,"7":14,"8":14},"b":{"1":[0,0],"2":[0,0],"3":[0,0],"4":[0,0],"5":[26,0],"6":[0,26],"7":[14,0]},"f":{"1":0,"2":0,"3":26,"4":14},"fnMap":{"1":{"name":"safeApprove","line":6,"loc":{"start":{"line":6,"column":4},"end":{"line":17,"column":4}}},"2":{"name":"safeTransfer","line":19,"loc":{"start":{"line":19,"column":4},"end":{"line":30,"column":4}}},"3":{"name":"safeTransferFrom","line":32,"loc":{"start":{"line":32,"column":4},"end":{"line":45,"column":4}}},"4":{"name":"safeTransferETH","line":47,"loc":{"start":{"line":47,"column":4},"end":{"line":50,"column":4}}}},"statementMap":{"1":{"start":{"line":12,"column":8},"end":{"line":12,"column":101}},"2":{"start":{"line":13,"column":8},"end":{"line":13,"column":486}},"3":{"start":{"line":25,"column":8},"end":{"line":25,"column":101}},"4":{"start":{"line":26,"column":8},"end":{"line":26,"column":928}},"5":{"start":{"line":39,"column":8},"end":{"line":39,"column":107}},"6":{"start":{"line":41,"column":8},"end":{"line":41,"column":1425}},"7":{"start":{"line":48,"column":8},"end":{"line":48,"column":62}},"8":{"start":{"line":49,"column":8},"end":{"line":49,"column":79}}},"branchMap":{"1":{"line":13,"type":"if","locations":[{"start":{"line":13,"column":8},"end":{"line":13,"column":8}},{"start":{"line":13,"column":8},"end":{"line":13,"column":8}}]},"2":{"line":14,"type":"cond-expr","locations":[{"start":{"line":14,"column":24},"end":{"line":14,"column":39}},{"start":{"line":14,"column":44},"end":{"line":14,"column":67}}]},"3":{"line":26,"type":"if","locations":[{"start":{"line":26,"column":8},"end":{"line":26,"column":8}},{"start":{"line":26,"column":8},"end":{"line":26,"column":8}}]},"4":{"line":27,"type":"cond-expr","locations":[{"start":{"line":27,"column":24},"end":{"line":27,"column":39}},{"start":{"line":27,"column":44},"end":{"line":27,"column":67}}]},"5":{"line":41,"type":"if","locations":[{"start":{"line":41,"column":8},"end":{"line":41,"column":8}},{"start":{"line":41,"column":8},"end":{"line":41,"column":8}}]},"6":{"line":42,"type":"cond-expr","locations":[{"start":{"line":42,"column":24},"end":{"line":42,"column":39}},{"start":{"line":42,"column":44},"end":{"line":42,"column":67}}]},"7":{"line":49,"type":"if","locations":[{"start":{"line":49,"column":8},"end":{"line":49,"column":8}},{"start":{"line":49,"column":8},"end":{"line":49,"column":8}}]}}},
"contracts/library/Math.sol":{"l":{"8":0,"13":12,"14":12,"15":12,"16":12,"17":876,"18":876,"21":0},"path":"/home/user/work/dabblerUpdated/dabbler/contracts/library/Math.sol","s":{"1":12,"2":12,"3":12,"4":0},"b":{"1":[0,0],"2":[12,0],"3":[0,0]},"f":{"1":0,"2":12},"fnMap":{"1":{"name":"min","line":7,"loc":{"start":{"line":7,"column":4},"end":{"line":9,"column":4}}},"2":{"name":"sqrt","line":12,"loc":{"start":{"line":12,"column":4},"end":{"line":23,"column":4}}}},"statementMap":{"1":{"start":{"line":13,"column":8},"end":{"line":13,"column":410}},"2":{"start":{"line":15,"column":12},"end":{"line":15,"column":30}},"3":{"start":{"line":16,"column":12},"end":{"line":16,"column":490}},"4":{"start":{"line":20,"column":15},"end":{"line":20,"column":591}}},"branchMap":{"1":{"line":8,"type":"if","locations":[{"start":{"line":8,"column":20},"end":{"line":8,"column":20}},{"start":{"line":8,"column":24},"end":{"line":8,"column":24}}]},"2":{"line":13,"type":"if","locations":[{"start":{"line":13,"column":8},"end":{"line":13,"column":8}},{"start":{"line":13,"column":8},"end":{"line":13,"column":8}}]},"3":{"line":20,"type":"if","locations":[{"start":{"line":20,"column":15},"end":{"line":20,"column":15}},{"start":{"line":20,"column":15},"end":{"line":20,"column":15}}]}}},
"contracts/library/SafeMath copy.sol":{"l":{"8":0,"12":0,"16":0},"path":"/home/user/work/dabblerUpdated/dabbler/contracts/library/SafeMath copy.sol","s":{"1":0,"2":0,"3":0},"b":{"1":[0,0],"2":[0,0],"3":[0,0],"4":[0,0]},"f":{"1":0,"2":0,"3":0},"fnMap":{"1":{"name":"add","line":7,"loc":{"start":{"line":7,"column":4},"end":{"line":9,"column":4}}},"2":{"name":"sub","line":11,"loc":{"start":{"line":11,"column":4},"end":{"line":13,"column":4}}},"3":{"name":"mul","line":15,"loc":{"start":{"line":15,"column":4},"end":{"line":17,"column":4}}}},"statementMap":{"1":{"start":{"line":8,"column":8},"end":{"line":8,"column":56}},"2":{"start":{"line":12,"column":8},"end":{"line":12,"column":57}},"3":{"start":{"line":16,"column":8},"end":{"line":16,"column":70}}},"branchMap":{"1":{"line":8,"type":"if","locations":[{"start":{"line":8,"column":8},"end":{"line":8,"column":8}},{"start":{"line":8,"column":8},"end":{"line":8,"column":8}}]},"2":{"line":12,"type":"if","locations":[{"start":{"line":12,"column":8},"end":{"line":12,"column":8}},{"start":{"line":12,"column":8},"end":{"line":12,"column":8}}]},"3":{"line":16,"type":"if","locations":[{"start":{"line":16,"column":8},"end":{"line":16,"column":8}},{"start":{"line":16,"column":8},"end":{"line":16,"column":8}}]},"4":{"line":16,"type":"cond-expr","locations":[{"start":{"line":16,"column":16},"end":{"line":16,"column":21}},{"start":{"line":16,"column":26},"end":{"line":16,"column":45}}]}}},
"contracts/library/SafeMath.sol":{"l":{"8":90,"12":106,"16":236},"path":"/home/user/work/dabblerUpdated/dabbler/contracts/library/SafeMath.sol","s":{"1":90,"2":106,"3":236},"b":{"1":[90,0],"2":[106,0],"3":[236,0],"4":[0,236]},"f":{"1":90,"2":106,"3":236},"fnMap":{"1":{"name":"add","line":7,"loc":{"start":{"line":7,"column":4},"end":{"line":9,"column":4}}},"2":{"name":"sub","line":11,"loc":{"start":{"line":11,"column":4},"end":{"line":13,"column":4}}},"3":{"name":"mul","line":15,"loc":{"start":{"line":15,"column":4},"end":{"line":17,"column":4}}}},"statementMap":{"1":{"start":{"line":8,"column":8},"end":{"line":8,"column":56}},"2":{"start":{"line":12,"column":8},"end":{"line":12,"column":57}},"3":{"start":{"line":16,"column":8},"end":{"line":16,"column":70}}},"branchMap":{"1":{"line":8,"type":"if","locations":[{"start":{"line":8,"column":8},"end":{"line":8,"column":8}},{"start":{"line":8,"column":8},"end":{"line":8,"column":8}}]},"2":{"line":12,"type":"if","locations":[{"start":{"line":12,"column":8},"end":{"line":12,"column":8}},{"start":{"line":12,"column":8},"end":{"line":12,"column":8}}]},"3":{"line":16,"type":"if","locations":[{"start":{"line":16,"column":8},"end":{"line":16,"column":8}},{"start":{"line":16,"column":8},"end":{"line":16,"column":8}}]},"4":{"line":16,"type":"cond-expr","locations":[{"start":{"line":16,"column":16},"end":{"line":16,"column":21}},{"start":{"line":16,"column":26},"end":{"line":16,"column":45}}]}}},
"contracts/library/structs.sol":{"l":{},"path":"/home/user/work/dabblerUpdated/dabbler/contracts/library/structs.sol","s":{},"b":{},"f":{},"fnMap":{},"statementMap":{},"branchMap":{}},
"contracts/library/UniswapV2Library.sol":{"l":{"15":68,"16":68,"17":68,"31":94,"36":54,"37":54,"38":54,"39":54,"44":0,"45":0,"46":0,"51":0,"52":0,"53":0,"54":0,"55":0,"56":0,"61":42,"62":42,"63":42,"64":42,"67":42,"72":0,"73":0,"74":0,"75":0,"76":0,"77":0,"83":42,"84":42,"86":42,"88":42,"89":42,"91":42},"path":"/home/user/work/dabblerUpdated/dabbler/contracts/library/UniswapV2Library.sol","s":{"1":68,"2":68,"3":54,"4":54,"5":54,"6":0,"7":0,"8":0,"9":0,"10":0,"11":0,"12":0,"13":42,"14":42,"15":42,"16":42,"17":0,"18":0,"19":0,"20":42,"21":42,"22":42},"b":{"1":[68,0],"2":[68,0],"3":[68,0],"4":[54,0],"5":[0,0],"6":[0,0],"7":[0,0],"8":[0,0],"9":[42,0],"10":[42,0],"11":[0,0],"12":[42,0]},"f":{"1":68,"2":94,"3":54,"4":0,"5":0,"6":42,"7":0,"8":42},"fnMap":{"1":{"name":"sortTokens","line":14,"loc":{"start":{"line":14,"column":4},"end":{"line":18,"column":4}}},"2":{"name":"pairFor","line":30,"loc":{"start":{"line":30,"column":4},"end":{"line":32,"column":4}}},"3":{"name":"getReserves","line":35,"loc":{"start":{"line":35,"column":4},"end":{"line":40,"column":4}}},"4":{"name":"quote","line":43,"loc":{"start":{"line":43,"column":4},"end":{"line":47,"column":4}}},"5":{"name":"getAmountOut","line":50,"loc":{"start":{"line":50,"column":4},"end":{"line":57,"column":4}}},"6":{"name":"getAmountIn","line":60,"loc":{"start":{"line":60,"column":4},"end":{"line":68,"column":4}}},"7":{"name":"getAmountsOut","line":71,"loc":{"start":{"line":71,"column":4},"end":{"line":79,"column":4}}},"8":{"name":"getAmountsIn","line":82,"loc":{"start":{"line":82,"column":4},"end":{"line":94,"column":4}}}},"statementMap":{"1":{"start":{"line":15,"column":8},"end":{"line":15,"column":73}},"2":{"start":{"line":17,"column":8},"end":{"line":17,"column":70}},"3":{"start":{"line":36,"column":8},"end":{"line":36,"column":54}},"4":{"start":{"line":37,"column":8},"end":{"line":37,"column":56}},"5":{"start":{"line":38,"column":8},"end":{"line":38,"column":77}},"6":{"start":{"line":44,"column":8},"end":{"line":44,"column":68}},"7":{"start":{"line":45,"column":8},"end":{"line":45,"column":88}},"8":{"start":{"line":51,"column":8},"end":{"line":51,"column":75}},"9":{"start":{"line":52,"column":8},"end":{"line":52,"column":91}},"10":{"start":{"line":53,"column":8},"end":{"line":53,"column":48}},"11":{"start":{"line":54,"column":8},"end":{"line":54,"column":56}},"12":{"start":{"line":55,"column":8},"end":{"line":55,"column":67}},"13":{"start":{"line":61,"column":8},"end":{"line":61,"column":77}},"14":{"start":{"line":62,"column":8},"end":{"line":62,"column":91}},"15":{"start":{"line":63,"column":8},"end":{"line":63,"column":59}},"16":{"start":{"line":64,"column":8},"end":{"line":64,"column":61}},"17":{"start":{"line":72,"column":8},"end":{"line":72,"column":66}},"18":{"start":{"line":75,"column":8},"end":{"line":75,"column":3936}},"19":{"start":{"line":76,"column":12},"end":{"line":76,"column":90}},"20":{"start":{"line":83,"column":8},"end":{"line":83,"column":66}},"21":{"start":{"line":88,"column":8},"end":{"line":88,"column":4546}},"22":{"start":{"line":89,"column":12},"end":{"line":89,"column":90}}},"branchMap":{"1":{"line":15,"type":"if","locations":[{"start":{"line":15,"column":8},"end":{"line":15,"column":8}},{"start":{"line":15,"column":8},"end":{"line":15,"column":8}}]},"2":{"line":16,"type":"if","locations":[{"start":{"line":16,"column":45},"end":{"line":16,"column":60}},{"start":{"line":16,"column":64},"end":{"line":16,"column":79}}]},"3":{"line":17,"type":"if","locations":[{"start":{"line":17,"column":8},"end":{"line":17,"column":8}},{"start":{"line":17,"column":8},"end":{"line":17,"column":8}}]},"4":{"line":39,"type":"if","locations":[{"start":{"line":39,"column":50},"end":{"line":39,"column":69}},{"start":{"line":39,"column":73},"end":{"line":39,"column":92}}]},"5":{"line":44,"type":"if","locations":[{"start":{"line":44,"column":8},"end":{"line":44,"column":8}},{"start":{"line":44,"column":8},"end":{"line":44,"column":8}}]},"6":{"line":45,"type":"if","locations":[{"start":{"line":45,"column":8},"end":{"line":45,"column":8}},{"start":{"line":45,"column":8},"end":{"line":45,"column":8}}]},"7":{"line":51,"type":"if","locations":[{"start":{"line":51,"column":8},"end":{"line":51,"column":8}},{"start":{"line":51,"column":8},"end":{"line":51,"column":8}}]},"8":{"line":52,"type":"if","locations":[{"start":{"line":52,"column":8},"end":{"line":52,"column":8}},{"start":{"line":52,"column":8},"end":{"line":52,"column":8}}]},"9":{"line":61,"type":"if","locations":[{"start":{"line":61,"column":8},"end":{"line":61,"column":8}},{"start":{"line":61,"column":8},"end":{"line":61,"column":8}}]},"10":{"line":62,"type":"if","locations":[{"start":{"line":62,"column":8},"end":{"line":62,"column":8}},{"start":{"line":62,"column":8},"end":{"line":62,"column":8}}]},"11":{"line":72,"type":"if","locations":[{"start":{"line":72,"column":8},"end":{"line":72,"column":8}},{"start":{"line":72,"column":8},"end":{"line":72,"column":8}}]},"12":{"line":83,"type":"if","locations":[{"start":{"line":83,"column":8},"end":{"line":83,"column":8}},{"start":{"line":83,"column":8},"end":{"line":83,"column":8}}]}}},
"contracts/library/UniswapV2OracleLibrary.sol":{"l":{"11":0},"path":"/home/user/work/dabblerUpdated/dabbler/contracts/library/UniswapV2OracleLibrary.sol","s":{"1":0},"b":{},"f":{"1":0},"fnMap":{"1":{"name":"currentBlockTimestamp","line":10,"loc":{"start":{"line":10,"column":4},"end":{"line":12,"column":4}}}},"statementMap":{"1":{"start":{"line":11,"column":8},"end":{"line":11,"column":48}}},"branchMap":{}},
"contracts/library/UQ112x112.sol":{"l":{"14":28,"19":28},"path":"/home/user/work/dabblerUpdated/dabbler/contracts/library/UQ112x112.sol","s":{},"b":{},"f":{"1":28,"2":28},"fnMap":{"1":{"name":"encode","line":13,"loc":{"start":{"line":13,"column":4},"end":{"line":15,"column":4}}},"2":{"name":"uqdiv","line":18,"loc":{"start":{"line":18,"column":4},"end":{"line":20,"column":4}}}},"statementMap":{},"branchMap":{}},
"contracts/MarketPlace.sol":{"l":{"76":26,"77":26,"78":26,"79":26,"80":26,"81":26,"82":26,"95":0,"96":0,"108":3,"109":3,"121":33,"150":33,"151":33,"160":0,"161":0,"163":0,"164":0,"183":14,"186":14,"189":14,"193":14,"194":14,"195":14,"199":14,"229":23,"232":19,"236":19,"240":15,"243":15,"248":15,"251":14,"256":14,"266":13,"275":1,"279":0,"289":12,"307":0,"308":0,"313":0,"316":0,"318":0,"343":0,"344":0,"348":0,"352":0,"355":0,"359":0,"361":0,"366":0,"376":0,"387":0,"393":0,"402":0,"431":14,"432":14,"436":0,"439":0,"442":0,"445":0,"449":0,"453":0,"458":0,"464":0,"469":0,"480":14,"481":14,"482":14,"483":14,"487":14,"490":14,"493":14,"496":14,"499":14,"501":14,"502":14,"505":14,"510":14,"535":0,"536":0,"539":0,"568":1,"570":0,"571":0,"573":0,"574":0,"575":0,"577":0,"578":0,"581":0,"582":0,"586":0,"590":0,"594":0,"596":0,"600":0,"608":0,"609":0,"610":0,"612":0,"614":0,"619":0,"621":0,"623":0,"626":0,"628":0,"631":0,"635":0,"639":0,"644":0,"652":0,"680":15,"682":15,"684":15,"685":14,"687":1,"689":15,"691":15,"692":15,"706":0,"712":0,"713":0,"714":0,"715":0,"717":0,"719":0,"743":28,"744":28,"745":28,"746":28,"748":28,"750":28},"path":"/home/user/work/dabblerUpdated/dabbler/contracts/MarketPlace.sol","s":{"1":26,"2":26,"3":0,"4":3,"5":33,"6":33,"7":33,"8":0,"9":0,"10":0,"11":14,"12":14,"13":14,"14":14,"15":14,"16":23,"17":19,"18":19,"19":15,"20":15,"21":15,"22":14,"23":14,"24":13,"25":1,"26":0,"27":0,"28":0,"29":0,"30":0,"31":0,"32":0,"33":0,"34":0,"35":0,"36":0,"37":0,"38":0,"39":0,"40":0,"41":0,"42":14,"43":14,"44":0,"45":0,"46":0,"47":0,"48":0,"49":0,"50":0,"51":0,"52":14,"53":14,"54":14,"55":14,"56":14,"57":14,"58":14,"59":14,"60":14,"61":14,"62":14,"63":14,"64":0,"65":0,"66":1,"67":0,"68":0,"69":0,"70":0,"71":0,"72":0,"73":0,"74":0,"75":0,"76":0,"77":0,"78":0,"79":0,"80":0,"81":0,"82":0,"83":0,"84":0,"85":0,"86":0,"87":0,"88":0,"89":0,"90":0,"91":0,"92":0,"93":0,"94":15,"95":15,"96":15,"97":15,"98":15,"99":0,"100":0,"101":0,"102":0,"103":0,"104":0,"105":0,"106":28,"107":28,"108":28},"b":{"1":[26,0],"2":[0,0],"3":[0,0],"4":[3,0],"5":[3,0],"6":[14,0],"7":[14,0],"8":[19,4],"9":[15,4],"10":[15,0],"11":[14,1],"12":[0,0],"13":[0,0],"14":[0,0],"15":[0,0],"16":[0,14],"17":[0,0],"18":[0,0],"19":[0,0],"20":[0,0],"21":[14,0],"22":[14,0],"23":[14,0],"24":[14,0],"25":[14,0],"26":[0,0],"27":[0,1],"28":[0,0],"29":[0,0],"30":[0,0],"31":[0,0],"32":[0,0],"33":[0,0],"34":[0,0],"35":[0,0],"36":[0,0],"37":[0,0],"38":[0,0],"39":[15,0],"40":[14,1],"41":[15,0],"42":[1,14],"43":[0,0],"44":[0,0],"45":[0,0],"46":[0,0],"47":[0,0]},"f":{"1":6,"2":26,"3":0,"4":3,"5":33,"6":33,"7":0,"8":14,"9":23,"10":0,"11":0,"12":14,"13":0,"14":1,"15":15,"16":0,"17":28},"fnMap":{"1":{"name":"constructor","line":58,"loc":{"start":{"line":58,"column":4},"end":{"line":60,"column":4}}},"2":{"name":"initialize","line":75,"loc":{"start":{"line":70,"column":4},"end":{"line":85,"column":4}}},"3":{"name":"setPlatformFee","line":94,"loc":{"start":{"line":94,"column":4},"end":{"line":97,"column":4}}},"4":{"name":"setAdmin","line":107,"loc":{"start":{"line":107,"column":4},"end":{"line":110,"column":4}}},"5":{"name":"priListingHash","line":118,"loc":{"start":{"line":118,"column":4},"end":{"line":140,"column":4}}},"6":{"name":"priListingVerify","line":147,"loc":{"start":{"line":147,"column":4},"end":{"line":152,"column":4}}},"7":{"name":"checkFunc","line":159,"loc":{"start":{"line":159,"column":4},"end":{"line":165,"column":4}}},"8":{"name":"swapandTransfer","line":180,"loc":{"start":{"line":180,"column":7},"end":{"line":202,"column":4}}},"9":{"name":"buy","line":221,"loc":{"start":{"line":221,"column":4},"end":{"line":291,"column":4}}},"10":{"name":"_checkBalance","line":303,"loc":{"start":{"line":303,"column":4},"end":{"line":321,"column":4}}},"11":{"name":"checkout","line":336,"loc":{"start":{"line":336,"column":4},"end":{"line":403,"column":4}}},"12":{"name":"primarySale","line":423,"loc":{"start":{"line":423,"column":4},"end":{"line":520,"column":4}}},"13":{"name":"_checkRoyalty","line":534,"loc":{"start":{"line":534,"column":4},"end":{"line":543,"column":4}}},"14":{"name":"secondarySale","line":559,"loc":{"start":{"line":559,"column":4},"end":{"line":663,"column":3}}},"15":{"name":"setCounter","line":675,"loc":{"start":{"line":675,"column":4},"end":{"line":693,"column":4}}},"16":{"name":"airDropNft","line":705,"loc":{"start":{"line":701,"column":4},"end":{"line":726,"column":4}}},"17":{"name":"getPrice","line":737,"loc":{"start":{"line":737,"column":7},"end":{"line":751,"column":4}}}},"statementMap":{"1":{"start":{"line":76,"column":8},"end":{"line":76,"column":33}},"2":{"start":{"line":77,"column":8},"end":{"line":77,"column":50}},"3":{"start":{"line":95,"column":8},"end":{"line":95,"column":46}},"4":{"start":{"line":108,"column":8},"end":{"line":108,"column":55}},"5":{"start":{"line":121,"column":8},"end":{"line":121,"column":3755}},"6":{"start":{"line":150,"column":8},"end":{"line":150,"column":48}},"7":{"start":{"line":151,"column":8},"end":{"line":151,"column":66}},"8":{"start":{"line":160,"column":8},"end":{"line":160,"column":20}},"9":{"start":{"line":161,"column":8},"end":{"line":161,"column":66}},"10":{"start":{"line":164,"column":8},"end":{"line":164,"column":24}},"11":{"start":{"line":183,"column":8},"end":{"line":183,"column":106}},"12":{"start":{"line":186,"column":8},"end":{"line":186,"column":99}},"13":{"start":{"line":189,"column":8},"end":{"line":189,"column":62}},"14":{"start":{"line":193,"column":8},"end":{"line":193,"column":48}},"15":{"start":{"line":199,"column":8},"end":{"line":199,"column":131}},"16":{"start":{"line":229,"column":8},"end":{"line":229,"column":55}},"17":{"start":{"line":232,"column":8},"end":{"line":232,"column":50}},"18":{"start":{"line":236,"column":8},"end":{"line":236,"column":46}},"19":{"start":{"line":240,"column":8},"end":{"line":240,"column":44}},"20":{"start":{"line":243,"column":8},"end":{"line":243,"column":39}},"21":{"start":{"line":248,"column":8},"end":{"line":248,"column":9376}},"22":{"start":{"line":251,"column":12},"end":{"line":251,"column":62}},"23":{"start":{"line":256,"column":12},"end":{"line":256,"column":9566}},"24":{"start":{"line":266,"column":12},"end":{"line":266,"column":109}},"25":{"start":{"line":275,"column":12},"end":{"line":275,"column":65}},"26":{"start":{"line":279,"column":12},"end":{"line":279,"column":10202}},"27":{"start":{"line":307,"column":8},"end":{"line":307,"column":47}},"28":{"start":{"line":308,"column":8},"end":{"line":308,"column":27}},"29":{"start":{"line":313,"column":12},"end":{"line":313,"column":11289}},"30":{"start":{"line":318,"column":12},"end":{"line":318,"column":30}},"31":{"start":{"line":343,"column":8},"end":{"line":343,"column":46}},"32":{"start":{"line":344,"column":8},"end":{"line":344,"column":55}},"33":{"start":{"line":348,"column":8},"end":{"line":348,"column":111}},"34":{"start":{"line":352,"column":8},"end":{"line":352,"column":44}},"35":{"start":{"line":355,"column":8},"end":{"line":355,"column":13138}},"36":{"start":{"line":359,"column":15},"end":{"line":359,"column":13263}},"37":{"start":{"line":361,"column":16},"end":{"line":361,"column":70}},"38":{"start":{"line":366,"column":20},"end":{"line":366,"column":13515}},"39":{"start":{"line":376,"column":16},"end":{"line":376,"column":121}},"40":{"start":{"line":387,"column":16},"end":{"line":387,"column":75}},"41":{"start":{"line":393,"column":16},"end":{"line":393,"column":14367}},"42":{"start":{"line":431,"column":8},"end":{"line":431,"column":29}},"43":{"start":{"line":432,"column":8},"end":{"line":432,"column":15969}},"44":{"start":{"line":439,"column":12},"end":{"line":439,"column":101}},"45":{"start":{"line":442,"column":12},"end":{"line":442,"column":52}},"46":{"start":{"line":445,"column":12},"end":{"line":445,"column":60}},"47":{"start":{"line":449,"column":12},"end":{"line":449,"column":55}},"48":{"start":{"line":453,"column":12},"end":{"line":453,"column":51}},"49":{"start":{"line":458,"column":12},"end":{"line":458,"column":16968}},"50":{"start":{"line":464,"column":12},"end":{"line":464,"column":17161}},"51":{"start":{"line":469,"column":12},"end":{"line":469,"column":46}},"52":{"start":{"line":480,"column":12},"end":{"line":480,"column":60}},"53":{"start":{"line":481,"column":12},"end":{"line":481,"column":55}},"54":{"start":{"line":482,"column":12},"end":{"line":482,"column":51}},"55":{"start":{"line":487,"column":12},"end":{"line":487,"column":88}},"56":{"start":{"line":490,"column":12},"end":{"line":490,"column":75}},"57":{"start":{"line":493,"column":12},"end":{"line":493,"column":59}},"58":{"start":{"line":496,"column":12},"end":{"line":496,"column":99}},"59":{"start":{"line":499,"column":12},"end":{"line":499,"column":92}},"60":{"start":{"line":501,"column":11},"end":{"line":501,"column":73}},"61":{"start":{"line":502,"column":11},"end":{"line":502,"column":125}},"62":{"start":{"line":505,"column":12},"end":{"line":505,"column":47}},"63":{"start":{"line":510,"column":21},"end":{"line":510,"column":18558}},"64":{"start":{"line":535,"column":8},"end":{"line":535,"column":19639}},"65":{"start":{"line":539,"column":12},"end":{"line":539,"column":62}},"66":{"start":{"line":568,"column":4},"end":{"line":568,"column":108}},"67":{"start":{"line":570,"column":8},"end":{"line":570,"column":25}},"68":{"start":{"line":571,"column":8},"end":{"line":571,"column":20992}},"69":{"start":{"line":573,"column":12},"end":{"line":573,"column":60}},"70":{"start":{"line":574,"column":12},"end":{"line":574,"column":55}},"71":{"start":{"line":575,"column":12},"end":{"line":575,"column":51}},"72":{"start":{"line":578,"column":12},"end":{"line":578,"column":79}},"73":{"start":{"line":581,"column":12},"end":{"line":581,"column":48}},"74":{"start":{"line":582,"column":12},"end":{"line":582,"column":126}},"75":{"start":{"line":586,"column":16},"end":{"line":586,"column":21631}},"76":{"start":{"line":590,"column":16},"end":{"line":590,"column":21778}},"77":{"start":{"line":594,"column":16},"end":{"line":594,"column":51}},"78":{"start":{"line":596,"column":16},"end":{"line":596,"column":21991}},"79":{"start":{"line":600,"column":16},"end":{"line":600,"column":41}},"80":{"start":{"line":608,"column":12},"end":{"line":608,"column":60}},"81":{"start":{"line":609,"column":12},"end":{"line":609,"column":55}},"82":{"start":{"line":610,"column":12},"end":{"line":610,"column":51}},"83":{"start":{"line":614,"column":12},"end":{"line":614,"column":88}},"84":{"start":{"line":619,"column":12},"end":{"line":619,"column":75}},"85":{"start":{"line":621,"column":12},"end":{"line":621,"column":55}},"86":{"start":{"line":623,"column":12},"end":{"line":623,"column":62}},"87":{"start":{"line":626,"column":12},"end":{"line":626,"column":99}},"88":{"start":{"line":628,"column":11},"end":{"line":628,"column":122}},"89":{"start":{"line":631,"column":16},"end":{"line":631,"column":23234}},"90":{"start":{"line":635,"column":16},"end":{"line":635,"column":23396}},"91":{"start":{"line":639,"column":16},"end":{"line":639,"column":23515}},"92":{"start":{"line":644,"column":16},"end":{"line":644,"column":63}},"93":{"start":{"line":652,"column":20},"end":{"line":652,"column":23772}},"94":{"start":{"line":680,"column":8},"end":{"line":680,"column":63}},"95":{"start":{"line":682,"column":8},"end":{"line":682,"column":61}},"96":{"start":{"line":684,"column":8},"end":{"line":684,"column":24612}},"97":{"start":{"line":689,"column":8},"end":{"line":689,"column":39}},"98":{"start":{"line":692,"column":8},"end":{"line":692,"column":77}},"99":{"start":{"line":706,"column":8},"end":{"line":706,"column":25409}},"100":{"start":{"line":712,"column":8},"end":{"line":712,"column":25572}},"101":{"start":{"line":713,"column":12},"end":{"line":713,"column":52}},"102":{"start":{"line":714,"column":12},"end":{"line":714,"column":62}},"103":{"start":{"line":715,"column":12},"end":{"line":715,"column":59}},"104":{"start":{"line":717,"column":12},"end":{"line":717,"column":74}},"105":{"start":{"line":719,"column":12},"end":{"line":719,"column":25911}},"106":{"start":{"line":743,"column":7},"end":{"line":743,"column":47}},"107":{"start":{"line":746,"column":8},"end":{"line":746,"column":45}},"108":{"start":{"line":750,"column":8},"end":{"line":750,"column":25}}},"branchMap":{"1":{"line":75,"type":"if","locations":[{"start":{"line":75,"column":13},"end":{"line":75,"column":13}},{"start":{"line":75,"column":13},"end":{"line":75,"column":13}}]},"2":{"line":94,"type":"if","locations":[{"start":{"line":94,"column":52},"end":{"line":94,"column":52}},{"start":{"line":94,"column":52},"end":{"line":94,"column":52}}]},"3":{"line":95,"type":"if","locations":[{"start":{"line":95,"column":8},"end":{"line":95,"column":8}},{"start":{"line":95,"column":8},"end":{"line":95,"column":8}}]},"4":{"line":107,"type":"if","locations":[{"start":{"line":107,"column":48},"end":{"line":107,"column":48}},{"start":{"line":107,"column":48},"end":{"line":107,"column":48}}]},"5":{"line":108,"type":"if","locations":[{"start":{"line":108,"column":8},"end":{"line":108,"column":8}},{"start":{"line":108,"column":8},"end":{"line":108,"column":8}}]},"6":{"line":183,"type":"if","locations":[{"start":{"line":183,"column":8},"end":{"line":183,"column":8}},{"start":{"line":183,"column":8},"end":{"line":183,"column":8}}]},"7":{"line":186,"type":"if","locations":[{"start":{"line":186,"column":8},"end":{"line":186,"column":8}},{"start":{"line":186,"column":8},"end":{"line":186,"column":8}}]},"8":{"line":229,"type":"if","locations":[{"start":{"line":229,"column":8},"end":{"line":229,"column":8}},{"start":{"line":229,"column":8},"end":{"line":229,"column":8}}]},"9":{"line":236,"type":"if","locations":[{"start":{"line":236,"column":8},"end":{"line":236,"column":8}},{"start":{"line":236,"column":8},"end":{"line":236,"column":8}}]},"10":{"line":240,"type":"if","locations":[{"start":{"line":240,"column":8},"end":{"line":240,"column":8}},{"start":{"line":240,"column":8},"end":{"line":240,"column":8}}]},"11":{"line":248,"type":"if","locations":[{"start":{"line":248,"column":8},"end":{"line":248,"column":8}},{"start":{"line":248,"column":8},"end":{"line":248,"column":8}}]},"12":{"line":348,"type":"if","locations":[{"start":{"line":348,"column":8},"end":{"line":348,"column":8}},{"start":{"line":348,"column":8},"end":{"line":348,"column":8}}]},"13":{"line":348,"type":"cond-expr","locations":[{"start":{"line":348,"column":16},"end":{"line":348,"column":33}},{"start":{"line":348,"column":38},"end":{"line":348,"column":104}}]},"14":{"line":352,"type":"if","locations":[{"start":{"line":352,"column":8},"end":{"line":352,"column":8}},{"start":{"line":352,"column":8},"end":{"line":352,"column":8}}]},"15":{"line":359,"type":"if","locations":[{"start":{"line":359,"column":15},"end":{"line":359,"column":15}},{"start":{"line":359,"column":15},"end":{"line":359,"column":15}}]},"16":{"line":432,"type":"if","locations":[{"start":{"line":432,"column":8},"end":{"line":432,"column":8}},{"start":{"line":432,"column":8},"end":{"line":432,"column":8}}]},"17":{"line":442,"type":"if","locations":[{"start":{"line":442,"column":12},"end":{"line":442,"column":12}},{"start":{"line":442,"column":12},"end":{"line":442,"column":12}}]},"18":{"line":445,"type":"if","locations":[{"start":{"line":445,"column":12},"end":{"line":445,"column":12}},{"start":{"line":445,"column":12},"end":{"line":445,"column":12}}]},"19":{"line":453,"type":"if","locations":[{"start":{"line":453,"column":12},"end":{"line":453,"column":12}},{"start":{"line":453,"column":12},"end":{"line":453,"column":12}}]},"20":{"line":469,"type":"if","locations":[{"start":{"line":469,"column":12},"end":{"line":469,"column":12}},{"start":{"line":469,"column":12},"end":{"line":469,"column":12}}]},"21":{"line":480,"type":"if","locations":[{"start":{"line":480,"column":12},"end":{"line":480,"column":12}},{"start":{"line":480,"column":12},"end":{"line":480,"column":12}}]},"22":{"line":482,"type":"if","locations":[{"start":{"line":482,"column":12},"end":{"line":482,"column":12}},{"start":{"line":482,"column":12},"end":{"line":482,"column":12}}]},"23":{"line":490,"type":"if","locations":[{"start":{"line":490,"column":12},"end":{"line":490,"column":12}},{"start":{"line":490,"column":12},"end":{"line":490,"column":12}}]},"24":{"line":499,"type":"if","locations":[{"start":{"line":499,"column":12},"end":{"line":499,"column":12}},{"start":{"line":499,"column":12},"end":{"line":499,"column":12}}]},"25":{"line":505,"type":"if","locations":[{"start":{"line":505,"column":12},"end":{"line":505,"column":12}},{"start":{"line":505,"column":12},"end":{"line":505,"column":12}}]},"26":{"line":535,"type":"if","locations":[{"start":{"line":535,"column":8},"end":{"line":535,"column":8}},{"start":{"line":535,"column":8},"end":{"line":535,"column":8}}]},"27":{"line":568,"type":"if","locations":[{"start":{"line":568,"column":4},"end":{"line":568,"column":4}},{"start":{"line":568,"column":4},"end":{"line":568,"column":4}}]},"28":{"line":571,"type":"if","locations":[{"start":{"line":571,"column":8},"end":{"line":571,"column":8}},{"start":{"line":571,"column":8},"end":{"line":571,"column":8}}]},"29":{"line":573,"type":"if","locations":[{"start":{"line":573,"column":12},"end":{"line":573,"column":12}},{"start":{"line":573,"column":12},"end":{"line":573,"column":12}}]},"30":{"line":575,"type":"if","locations":[{"start":{"line":575,"column":12},"end":{"line":575,"column":12}},{"start":{"line":575,"column":12},"end":{"line":575,"column":12}}]},"31":{"line":581,"type":"if","locations":[{"start":{"line":581,"column":12},"end":{"line":581,"column":12}},{"start":{"line":581,"column":12},"end":{"line":581,"column":12}}]},"32":{"line":594,"type":"if","locations":[{"start":{"line":594,"column":16},"end":{"line":594,"column":16}},{"start":{"line":594,"column":16},"end":{"line":594,"column":16}}]},"33":{"line":600,"type":"if","locations":[{"start":{"line":600,"column":16},"end":{"line":600,"column":16}},{"start":{"line":600,"column":16},"end":{"line":600,"column":16}}]},"34":{"line":608,"type":"if","locations":[{"start":{"line":608,"column":12},"end":{"line":608,"column":12}},{"start":{"line":608,"column":12},"end":{"line":608,"column":12}}]},"35":{"line":610,"type":"if","locations":[{"start":{"line":610,"column":12},"end":{"line":610,"column":12}},{"start":{"line":610,"column":12},"end":{"line":610,"column":12}}]},"36":{"line":619,"type":"if","locations":[{"start":{"line":619,"column":12},"end":{"line":619,"column":12}},{"start":{"line":619,"column":12},"end":{"line":619,"column":12}}]},"37":{"line":623,"type":"if","locations":[{"start":{"line":623,"column":12},"end":{"line":623,"column":12}},{"start":{"line":623,"column":12},"end":{"line":623,"column":12}}]},"38":{"line":644,"type":"if","locations":[{"start":{"line":644,"column":16},"end":{"line":644,"column":16}},{"start":{"line":644,"column":16},"end":{"line":644,"column":16}}]},"39":{"line":680,"type":"if","locations":[{"start":{"line":680,"column":8},"end":{"line":680,"column":8}},{"start":{"line":680,"column":8},"end":{"line":680,"column":8}}]},"40":{"line":684,"type":"if","locations":[{"start":{"line":684,"column":8},"end":{"line":684,"column":8}},{"start":{"line":684,"column":8},"end":{"line":684,"column":8}}]},"41":{"line":689,"type":"if","locations":[{"start":{"line":689,"column":8},"end":{"line":689,"column":8}},{"start":{"line":689,"column":8},"end":{"line":689,"column":8}}]},"42":{"line":692,"type":"if","locations":[{"start":{"line":692,"column":8},"end":{"line":692,"column":8}},{"start":{"line":692,"column":8},"end":{"line":692,"column":8}}]},"43":{"line":705,"type":"if","locations":[{"start":{"line":705,"column":13},"end":{"line":705,"column":13}},{"start":{"line":705,"column":13},"end":{"line":705,"column":13}}]},"44":{"line":706,"type":"if","locations":[{"start":{"line":706,"column":8},"end":{"line":706,"column":8}},{"start":{"line":706,"column":8},"end":{"line":706,"column":8}}]},"45":{"line":713,"type":"if","locations":[{"start":{"line":713,"column":12},"end":{"line":713,"column":12}},{"start":{"line":713,"column":12},"end":{"line":713,"column":12}}]},"46":{"line":714,"type":"if","locations":[{"start":{"line":714,"column":12},"end":{"line":714,"column":12}},{"start":{"line":714,"column":12},"end":{"line":714,"column":12}}]},"47":{"line":715,"type":"if","locations":[{"start":{"line":715,"column":12},"end":{"line":715,"column":12}},{"start":{"line":715,"column":12},"end":{"line":715,"column":12}}]}}},
"contracts/NoRoyalty.sol":{"l":{"10":26,"11":26,"15":0,"19":0},"path":"/home/user/work/dabblerUpdated/dabbler/contracts/NoRoyalty.sol","s":{"1":26,"2":26,"3":0,"4":0},"b":{"1":[26,0],"2":[0,0]},"f":{"1":26,"2":0,"3":0},"fnMap":{"1":{"name":"initialize","line":9,"loc":{"start":{"line":9,"column":4},"end":{"line":12,"column":4}}},"2":{"name":"mint","line":14,"loc":{"start":{"line":14,"column":4},"end":{"line":16,"column":4}}},"3":{"name":"safeTransfer","line":18,"loc":{"start":{"line":18,"column":4},"end":{"line":21,"column":3}}}},"statementMap":{"1":{"start":{"line":10,"column":8},"end":{"line":10,"column":30}},"2":{"start":{"line":11,"column":8},"end":{"line":11,"column":23}},"3":{"start":{"line":15,"column":8},"end":{"line":15,"column":39}},"4":{"start":{"line":19,"column":8},"end":{"line":19,"column":56}}},"branchMap":{"1":{"line":9,"type":"if","locations":[{"start":{"line":9,"column":54},"end":{"line":9,"column":54}},{"start":{"line":9,"column":54},"end":{"line":9,"column":54}}]},"2":{"line":14,"type":"if","locations":[{"start":{"line":14,"column":91},"end":{"line":14,"column":91}},{"start":{"line":14,"column":91},"end":{"line":14,"column":91}}]}}},
"contracts/PriceFeed.sol":{"l":{"31":0,"38":0,"45":0,"52":0},"path":"/home/user/work/dabblerUpdated/dabbler/contracts/PriceFeed.sol","s":{"1":0,"2":0},"b":{},"f":{"1":0,"2":0,"3":0},"fnMap":{"1":{"name":"constructor","line":30,"loc":{"start":{"line":30,"column":4},"end":{"line":34,"column":4}}},"2":{"name":"addCurrency","line":37,"loc":{"start":{"line":37,"column":4},"end":{"line":39,"column":4}}},"3":{"name":"getChainlinkDataFeedLatestAnswer","line":43,"loc":{"start":{"line":43,"column":4},"end":{"line":53,"column":4}}}},"statementMap":{"1":{"start":{"line":45,"column":8},"end":{"line":45,"column":1258}},"2":{"start":{"line":52,"column":8},"end":{"line":52,"column":21}}},"branchMap":{}},
"contracts/tab20.sol":{"l":{"10":0,"14":0},"path":"/home/user/work/dabblerUpdated/dabbler/contracts/tab20.sol","s":{"1":0,"2":0},"b":{"1":[0,0]},"f":{"1":6,"2":0,"3":0},"fnMap":{"1":{"name":"constructor","line":7,"loc":{"start":{"line":7,"column":4},"end":{"line":7,"column":19}}},"2":{"name":"Initialize","line":9,"loc":{"start":{"line":9,"column":4},"end":{"line":11,"column":4}}},"3":{"name":"mintdabb","line":13,"loc":{"start":{"line":13,"column":4},"end":{"line":15,"column":4}}}},"statementMap":{"1":{"start":{"line":10,"column":8},"end":{"line":10,"column":48}},"2":{"start":{"line":14,"column":8},"end":{"line":14,"column":33}}},"branchMap":{"1":{"line":9,"type":"if","locations":[{"start":{"line":9,"column":33},"end":{"line":9,"column":33}},{"start":{"line":9,"column":33},"end":{"line":9,"column":33}}]}}},
"contracts/uniRouter.sol":{"l":{},"path":"/home/user/work/dabblerUpdated/dabbler/contracts/uniRouter.sol","s":{},"b":{},"f":{},"fnMap":{},"statementMap":{},"branchMap":{}},
"contracts/UniswapV2ERC20.sol":{"l":{"26":12,"27":12,"30":12,"42":24,"43":24,"44":24,"48":0,"49":0,"50":0,"54":0,"55":0,"59":0,"60":0,"61":0,"65":0,"66":0,"70":0,"71":0,"75":0,"76":0,"78":0,"79":0,"83":0,"84":0,"91":0,"92":0,"93":0},"path":"/home/user/work/dabblerUpdated/dabbler/contracts/UniswapV2ERC20.sol","s":{"1":12,"2":24,"3":0,"4":0,"5":0,"6":0,"7":0,"8":0,"9":0,"10":0,"11":0,"12":0,"13":0,"14":0,"15":0,"16":0,"17":0},"b":{"1":[0,0],"2":[0,0],"3":[0,0]},"f":{"1":12,"2":24,"3":0,"4":0,"5":0,"6":0,"7":0,"8":0,"9":0},"fnMap":{"1":{"name":"constructor","line":25,"loc":{"start":{"line":25,"column":4},"end":{"line":39,"column":4}}},"2":{"name":"_mint","line":41,"loc":{"start":{"line":41,"column":4},"end":{"line":45,"column":4}}},"3":{"name":"_burn","line":47,"loc":{"start":{"line":47,"column":4},"end":{"line":51,"column":4}}},"4":{"name":"_approve","line":53,"loc":{"start":{"line":53,"column":4},"end":{"line":56,"column":4}}},"5":{"name":"_transfer","line":58,"loc":{"start":{"line":58,"column":4},"end":{"line":62,"column":4}}},"6":{"name":"approve","line":64,"loc":{"start":{"line":64,"column":4},"end":{"line":67,"column":4}}},"7":{"name":"transfer","line":69,"loc":{"start":{"line":69,"column":4},"end":{"line":72,"column":4}}},"8":{"name":"transferFrom","line":74,"loc":{"start":{"line":74,"column":4},"end":{"line":80,"column":4}}},"9":{"name":"permit","line":82,"loc":{"start":{"line":82,"column":4},"end":{"line":94,"column":4}}}},"statementMap":{"1":{"start":{"line":26,"column":8},"end":{"line":26,"column":20}},"2":{"start":{"line":44,"column":8},"end":{"line":44,"column":44}},"3":{"start":{"line":50,"column":8},"end":{"line":50,"column":46}},"4":{"start":{"line":55,"column":8},"end":{"line":55,"column":44}},"5":{"start":{"line":61,"column":8},"end":{"line":61,"column":38}},"6":{"start":{"line":65,"column":8},"end":{"line":65,"column":43}},"7":{"start":{"line":66,"column":8},"end":{"line":66,"column":19}},"8":{"start":{"line":70,"column":8},"end":{"line":70,"column":39}},"9":{"start":{"line":71,"column":8},"end":{"line":71,"column":19}},"10":{"start":{"line":75,"column":8},"end":{"line":75,"column":2576}},"11":{"start":{"line":78,"column":8},"end":{"line":78,"column":33}},"12":{"start":{"line":79,"column":8},"end":{"line":79,"column":19}},"13":{"start":{"line":83,"column":8},"end":{"line":83,"column":65}},"14":{"start":{"line":84,"column":8},"end":{"line":84,"column":2983}},"15":{"start":{"line":91,"column":8},"end":{"line":91,"column":61}},"16":{"start":{"line":92,"column":8},"end":{"line":92,"column":107}},"17":{"start":{"line":93,"column":8},"end":{"line":93,"column":38}}},"branchMap":{"1":{"line":75,"type":"if","locations":[{"start":{"line":75,"column":8},"end":{"line":75,"column":8}},{"start":{"line":75,"column":8},"end":{"line":75,"column":8}}]},"2":{"line":83,"type":"if","locations":[{"start":{"line":83,"column":8},"end":{"line":83,"column":8}},{"start":{"line":83,"column":8},"end":{"line":83,"column":8}}]},"3":{"line":92,"type":"if","locations":[{"start":{"line":92,"column":8},"end":{"line":92,"column":8}},{"start":{"line":92,"column":8},"end":{"line":92,"column":8}}]}}},
"contracts/UniswapV2Factory.sol":{"l":{"19":6,"23":0,"27":12,"28":12,"29":12,"30":12,"31":12,"32":12,"33":12,"37":12,"43":12,"44":12,"45":12,"46":12,"47":12,"51":0,"52":0,"56":0,"57":0},"path":"/home/user/work/dabblerUpdated/dabbler/contracts/UniswapV2Factory.sol","s":{"1":0,"2":12,"3":12,"4":12,"5":12,"6":12,"7":12,"8":12,"9":12,"10":12,"11":0,"12":0},"b":{"1":[12,0],"2":[12,0],"3":[12,0],"4":[12,0],"5":[0,0],"6":[0,0]},"f":{"1":6,"2":0,"3":12,"4":0,"5":0},"fnMap":{"1":{"name":"constructor","line":18,"loc":{"start":{"line":18,"column":4},"end":{"line":20,"column":4}}},"2":{"name":"allPairsLength","line":22,"loc":{"start":{"line":22,"column":4},"end":{"line":24,"column":4}}},"3":{"name":"createPair","line":26,"loc":{"start":{"line":26,"column":4},"end":{"line":48,"column":4}}},"4":{"name":"setFeeTo","line":50,"loc":{"start":{"line":50,"column":4},"end":{"line":53,"column":4}}},"5":{"name":"setFeeToSetter","line":55,"loc":{"start":{"line":55,"column":4},"end":{"line":58,"column":4}}}},"statementMap":{"1":{"start":{"line":23,"column":8},"end":{"line":23,"column":30}},"2":{"start":{"line":27,"column":8},"end":{"line":27,"column":66}},"3":{"start":{"line":28,"column":8},"end":{"line":28,"column":96}},"4":{"start":{"line":29,"column":8},"end":{"line":29,"column":63}},"5":{"start":{"line":30,"column":8},"end":{"line":30,"column":79}},"6":{"start":{"line":31,"column":8},"end":{"line":31,"column":64}},"7":{"start":{"line":32,"column":8},"end":{"line":32,"column":66}},"8":{"start":{"line":43,"column":8},"end":{"line":43,"column":54}},"9":{"start":{"line":46,"column":8},"end":{"line":46,"column":26}},"10":{"start":{"line":47,"column":8},"end":{"line":47,"column":63}},"11":{"start":{"line":51,"column":8},"end":{"line":51,"column":65}},"12":{"start":{"line":56,"column":8},"end":{"line":56,"column":65}}},"branchMap":{"1":{"line":27,"type":"if","locations":[{"start":{"line":27,"column":8},"end":{"line":27,"column":8}},{"start":{"line":27,"column":8},"end":{"line":27,"column":8}}]},"2":{"line":28,"type":"if","locations":[{"start":{"line":28,"column":61},"end":{"line":28,"column":76}},{"start":{"line":28,"column":80},"end":{"line":28,"column":95}}]},"3":{"line":29,"type":"if","locations":[{"start":{"line":29,"column":8},"end":{"line":29,"column":8}},{"start":{"line":29,"column":8},"end":{"line":29,"column":8}}]},"4":{"line":30,"type":"if","locations":[{"start":{"line":30,"column":8},"end":{"line":30,"column":8}},{"start":{"line":30,"column":8},"end":{"line":30,"column":8}}]},"5":{"line":51,"type":"if","locations":[{"start":{"line":51,"column":8},"end":{"line":51,"column":8}},{"start":{"line":51,"column":8},"end":{"line":51,"column":8}}]},"6":{"line":56,"type":"if","locations":[{"start":{"line":56,"column":8},"end":{"line":56,"column":8}},{"start":{"line":56,"column":8},"end":{"line":56,"column":8}}]}}},
"contracts/UniswapV2Migrator.sol":{"l":{"17":0,"18":0,"29":0,"30":0,"31":0,"32":0,"33":0,"34":0,"42":0,"43":0,"44":0,"47":0},"path":"/home/user/work/dabblerUpdated/dabbler/contracts/UniswapV2Migrator.sol","s":{"1":0,"2":0,"3":0,"4":0,"5":0,"6":0,"7":0,"8":0,"9":0,"10":0,"11":0},"b":{"1":[0,0],"2":[0,0],"3":[0,0]},"f":{"1":0,"2":0},"fnMap":{"1":{"name":"constructor","line":16,"loc":{"start":{"line":16,"column":4},"end":{"line":19,"column":4}}},"2":{"name":"migrate","line":25,"loc":{"start":{"line":25,"column":4},"end":{"line":49,"column":4}}}},"statementMap":{"1":{"start":{"line":29,"column":8},"end":{"line":29,"column":88}},"2":{"start":{"line":30,"column":8},"end":{"line":30,"column":59}},"3":{"start":{"line":31,"column":8},"end":{"line":31,"column":103}},"4":{"start":{"line":32,"column":8},"end":{"line":32,"column":110}},"5":{"start":{"line":33,"column":8},"end":{"line":33,"column":72}},"6":{"start":{"line":34,"column":8},"end":{"line":34,"column":1486}},"7":{"start":{"line":42,"column":8},"end":{"line":42,"column":1727}},"8":{"start":{"line":43,"column":12},"end":{"line":43,"column":64}},"9":{"start":{"line":44,"column":12},"end":{"line":44,"column":88}},"10":{"start":{"line":45,"column":15},"end":{"line":45,"column":1991}},"11":{"start":{"line":47,"column":12},"end":{"line":47,"column":80}}},"branchMap":{"1":{"line":31,"type":"if","locations":[{"start":{"line":31,"column":8},"end":{"line":31,"column":8}},{"start":{"line":31,"column":8},"end":{"line":31,"column":8}}]},"2":{"line":42,"type":"if","locations":[{"start":{"line":42,"column":8},"end":{"line":42,"column":8}},{"start":{"line":42,"column":8},"end":{"line":42,"column":8}}]},"3":{"line":45,"type":"if","locations":[{"start":{"line":45,"column":15},"end":{"line":45,"column":15}},{"start":{"line":45,"column":15},"end":{"line":45,"column":15}}]}}},
"contracts/UniswapV2Pair.sol":{"l":{"33":26,"34":26,"35":26,"36":25,"40":80,"41":80,"42":80,"46":14,"47":14,"63":12,"68":12,"69":12,"70":12,"75":26,"76":26,"77":26,"78":26,"80":14,"81":14,"83":26,"84":25,"85":25,"86":25,"91":12,"92":12,"93":12,"94":12,"95":0,"96":0,"97":0,"98":0,"99":0,"100":0,"101":0,"102":0,"106":0,"112":12,"113":12,"114":12,"115":12,"116":12,"118":12,"119":12,"120":12,"121":12,"122":12,"124":0,"126":12,"127":12,"129":12,"130":11,"131":11,"136":0,"137":0,"138":0,"139":0,"140":0,"141":0,"143":0,"144":0,"145":0,"146":0,"147":0,"148":0,"149":0,"150":0,"151":0,"152":0,"154":0,"155":0,"156":0,"161":14,"162":14,"163":14,"165":14,"166":14,"167":14,"168":14,"169":14,"170":14,"171":14,"172":14,"173":14,"174":14,"175":14,"177":14,"178":14,"179":14,"180":14,"181":14,"182":14,"183":14,"186":14,"187":14,"192":0,"193":0,"194":0,"195":0,"200":0},"path":"/home/user/work/dabblerUpdated/dabbler/contracts/UniswapV2Pair.sol","s":{"1":26,"2":14,"3":14,"4":12,"5":26,"6":26,"7":26,"8":26,"9":25,"10":12,"11":12,"12":12,"13":0,"14":0,"15":0,"16":0,"17":0,"18":0,"19":0,"20":0,"21":0,"22":12,"23":12,"24":12,"25":12,"26":12,"27":12,"28":12,"29":12,"30":12,"31":12,"32":12,"33":12,"34":12,"35":11,"36":11,"37":0,"38":0,"39":0,"40":0,"41":0,"42":0,"43":0,"44":0,"45":0,"46":0,"47":0,"48":0,"49":0,"50":0,"51":0,"52":14,"53":14,"54":14,"55":14,"56":14,"57":14,"58":14,"59":14,"60":14,"61":0,"62":14,"63":14,"64":14,"65":0,"66":14,"67":14,"68":14,"69":14,"70":14,"71":14,"72":14,"73":14,"74":0,"75":0,"76":0,"77":0,"78":0},"b":{"1":[26,0],"2":[14,0],"3":[0,14],"4":[12,0],"5":[26,0],"6":[14,12],"7":[0,12],"8":[0,0],"9":[0,0],"10":[0,0],"11":[0,12],"12":[12,0],"13":[12,0],"14":[12,0],"15":[0,11],"16":[0,0],"17":[0,0],"18":[0,0],"19":[14,0],"20":[14,0],"21":[0,14],"22":[14,0],"23":[14,0],"24":[0,14],"25":[14,0],"26":[0,14],"27":[14,0],"28":[0,14],"29":[14,0],"30":[14,0],"31":[14,0],"32":[0,0],"33":[0,0]},"f":{"1":26,"2":80,"3":14,"4":12,"5":12,"6":26,"7":12,"8":12,"9":0,"10":14,"11":0,"12":0},"fnMap":{"1":{"name":"lock","line":32,"loc":{"start":{"line":32,"column":4},"end":{"line":37,"column":4}}},"2":{"name":"getReserves","line":39,"loc":{"start":{"line":39,"column":4},"end":{"line":43,"column":4}}},"3":{"name":"_safeTransfer","line":45,"loc":{"start":{"line":45,"column":4},"end":{"line":48,"column":4}}},"4":{"name":"constructor","line":62,"loc":{"start":{"line":62,"column":4},"end":{"line":64,"column":4}}},"5":{"name":"initialize","line":67,"loc":{"start":{"line":67,"column":4},"end":{"line":71,"column":4}}},"6":{"name":"_update","line":74,"loc":{"start":{"line":74,"column":4},"end":{"line":87,"column":4}}},"7":{"name":"_mintFee","line":90,"loc":{"start":{"line":90,"column":4},"end":{"line":108,"column":4}}},"8":{"name":"mint","line":111,"loc":{"start":{"line":111,"column":4},"end":{"line":132,"column":4}}},"9":{"name":"burn","line":135,"loc":{"start":{"line":135,"column":4},"end":{"line":157,"column":4}}},"10":{"name":"swap","line":160,"loc":{"start":{"line":160,"column":4},"end":{"line":188,"column":4}}},"11":{"name":"skim","line":191,"loc":{"start":{"line":191,"column":4},"end":{"line":196,"column":4}}},"12":{"name":"sync","line":199,"loc":{"start":{"line":199,"column":4},"end":{"line":201,"column":4}}}},"statementMap":{"1":{"start":{"line":33,"column":8},"end":{"line":33,"column":50}},"2":{"start":{"line":46,"column":8},"end":{"line":46,"column":99}},"3":{"start":{"line":47,"column":8},"end":{"line":47,"column":103}},"4":{"start":{"line":68,"column":8},"end":{"line":68,"column":61}},"5":{"start":{"line":75,"column":8},"end":{"line":75,"column":101}},"6":{"start":{"line":76,"column":8},"end":{"line":76,"column":63}},"7":{"start":{"line":77,"column":8},"end":{"line":77,"column":64}},"8":{"start":{"line":78,"column":8},"end":{"line":78,"column":2985}},"9":{"start":{"line":86,"column":8},"end":{"line":86,"column":37}},"10":{"start":{"line":91,"column":8},"end":{"line":91,"column":58}},"11":{"start":{"line":93,"column":8},"end":{"line":93,"column":27}},"12":{"start":{"line":94,"column":8},"end":{"line":94,"column":3806}},"13":{"start":{"line":95,"column":12},"end":{"line":95,"column":3835}},"14":{"start":{"line":96,"column":16},"end":{"line":96,"column":70}},"15":{"start":{"line":97,"column":16},"end":{"line":97,"column":50}},"16":{"start":{"line":98,"column":16},"end":{"line":98,"column":3998}},"17":{"start":{"
[...]
olumn":11032}},"37":{"start":{"line":368,"column":8},"end":{"line":368,"column":11458}},"38":{"start":{"line":372,"column":8},"end":{"line":372,"column":11601}},"39":{"start":{"line":378,"column":8},"end":{"line":378,"column":31}},"40":{"start":{"line":389,"column":8},"end":{"line":389,"column":12152}},"41":{"start":{"line":393,"column":8},"end":{"line":393,"column":12273}},"42":{"start":{"line":399,"column":8},"end":{"line":399,"column":31}},"43":{"start":{"line":414,"column":8},"end":{"line":414,"column":64}},"44":{"start":{"line":416,"column":8},"end":{"line":416,"column":12915}},"45":{"start":{"line":420,"column":8},"end":{"line":420,"column":47}},"46":{"start":{"line":421,"column":8},"end":{"line":421,"column":13108}},"47":{"start":{"line":427,"column":8},"end":{"line":427,"column":31}},"48":{"start":{"line":437,"column":8},"end":{"line":437,"column":78}},"49":{"start":{"line":440,"column":8},"end":{"line":440,"column":13732}},"50":{"start":{"line":444,"column":8},"end":{"line":444,"column":13853}},"51":{"start":{"line":450,"column":8},"end":{"line":450,"column":42}},"52":{"start":{"line":451,"column":8},"end":{"line":451,"column":56}},"53":{"start":{"line":452,"column":8},"end":{"line":452,"column":70}},"54":{"start":{"line":462,"column":8},"end":{"line":462,"column":78}},"55":{"start":{"line":466,"column":8},"end":{"line":466,"column":14631}},"56":{"start":{"line":470,"column":8},"end":{"line":470,"column":14776}},"57":{"start":{"line":476,"column":8},"end":{"line":476,"column":42}},"58":{"start":{"line":477,"column":8},"end":{"line":477,"column":56}},"59":{"start":{"line":479,"column":8},"end":{"line":479,"column":70}},"60":{"start":{"line":494,"column":8},"end":{"line":494,"column":64}},"61":{"start":{"line":496,"column":8},"end":{"line":496,"column":15566}},"62":{"start":{"line":500,"column":8},"end":{"line":500,"column":47}},"63":{"start":{"line":501,"column":8},"end":{"line":501,"column":15735}},"64":{"start":{"line":507,"column":8},"end":{"line":507,"column":31}},"65":{"start":{"line":509,"column":8},"end":{"line":509,"column":16045}},"66":{"start":{"line":510,"column":12},"end":{"line":510,"column":77}},"67":{"start":{"line":628,"column":8},"end":{"line":628,"column":66}},"68":{"start":{"line":636,"column":8},"end":{"line":636,"column":77}},"69":{"start":{"line":644,"column":8},"end":{"line":644,"column":77}},"70":{"start":{"line":653,"column":8},"end":{"line":653,"column":70}},"71":{"start":{"line":662,"column":8},"end":{"line":662,"column":70}}},"branchMap":{"1":{"line":21,"type":"if","locations":[{"start":{"line":21,"column":8},"end":{"line":21,"column":8}},{"start":{"line":21,"column":8},"end":{"line":21,"column":8}}]},"2":{"line":44,"type":"if","locations":[{"start":{"line":44,"column":8},"end":{"line":44,"column":8}},{"start":{"line":44,"column":8},"end":{"line":44,"column":8}}]},"3":{"line":52,"type":"if","locations":[{"start":{"line":52,"column":8},"end":{"line":52,"column":8}},{"start":{"line":52,"column":8},"end":{"line":52,"column":8}}]},"4":{"line":60,"type":"if","locations":[{"start":{"line":60,"column":12},"end":{"line":60,"column":12}},{"start":{"line":60,"column":12},"end":{"line":60,"column":12}}]},"5":{"line":61,"type":"if","locations":[{"start":{"line":61,"column":16},"end":{"line":61,"column":16}},{"start":{"line":61,"column":16},"end":{"line":61,"column":16}}]},"6":{"line":73,"type":"if","locations":[{"start":{"line":73,"column":16},"end":{"line":73,"column":16}},{"start":{"line":73,"column":16},"end":{"line":73,"column":16}}]},"7":{"line":94,"type":"if","locations":[{"start":{"line":94,"column":8},"end":{"line":94,"column":8}},{"start":{"line":94,"column":8},"end":{"line":94,"column":8}}]},"8":{"line":126,"type":"if","locations":[{"start":{"line":126,"column":8},"end":{"line":126,"column":8}},{"start":{"line":126,"column":8},"end":{"line":126,"column":8}}]},"9":{"line":147,"type":"if","locations":[{"start":{"line":147,"column":8},"end":{"line":147,"column":8}},{"start":{"line":147,"column":8},"end":{"line":147,"column":8}}]},"10":{"line":163,"type":"if","locations":[{"start":{"line":163,"column":8},"end":{"line":163,"column":8}},{"start":{"line":163,"column":8},"end":{"line":163,"column":8}}]},"11":{"line":171,"type":"if","locations":[{"start":{"line":171,"column":14},"end":{"line":171,"column":31}},{"start":{"line":172,"column":14},"end":{"line":172,"column":31}}]},"12":{"line":173,"type":"if","locations":[{"start":{"line":173,"column":8},"end":{"line":173,"column":8}},{"start":{"line":173,"column":8},"end":{"line":173,"column":8}}]},"13":{"line":177,"type":"if","locations":[{"start":{"line":177,"column":8},"end":{"line":177,"column":8}},{"start":{"line":177,"column":8},"end":{"line":177,"column":8}}]},"14":{"line":193,"type":"if","locations":[{"start":{"line":193,"column":8},"end":{"line":193,"column":8}},{"start":{"line":193,"column":8},"end":{"line":193,"column":8}}]},"15":{"line":350,"type":"if","locations":[{"start":{"line":350,"column":18},"end":{"line":350,"column":40}},{"start":{"line":351,"column":18},"end":{"line":351,"column":40}}]},"16":{"line":353,"type":"if","locations":[{"start":{"line":353,"column":18},"end":{"line":353,"column":71}},{"start":{"line":354,"column":18},"end":{"line":354,"column":20}}]},"17":{"line":366,"type":"if","locations":[{"start":{"line":366,"column":23},"end":{"line":366,"column":23}},{"start":{"line":366,"column":23},"end":{"line":366,"column":23}}]},"18":{"line":368,"type":"if","locations":[{"start":{"line":368,"column":8},"end":{"line":368,"column":8}},{"start":{"line":368,"column":8},"end":{"line":368,"column":8}}]},"19":{"line":387,"type":"if","locations":[{"start":{"line":387,"column":23},"end":{"line":387,"column":23}},{"start":{"line":387,"column":23},"end":{"line":387,"column":23}}]},"20":{"line":389,"type":"if","locations":[{"start":{"line":389,"column":8},"end":{"line":389,"column":8}},{"start":{"line":389,"column":8},"end":{"line":389,"column":8}}]},"21":{"line":411,"type":"if","locations":[{"start":{"line":411,"column":8},"end":{"line":411,"column":8}},{"start":{"line":411,"column":8},"end":{"line":411,"column":8}}]},"22":{"line":414,"type":"if","locations":[{"start":{"line":414,"column":8},"end":{"line":414,"column":8}},{"start":{"line":414,"column":8},"end":{"line":414,"column":8}}]},"23":{"line":416,"type":"if","locations":[{"start":{"line":416,"column":8},"end":{"line":416,"column":8}},{"start":{"line":416,"column":8},"end":{"line":416,"column":8}}]},"24":{"line":436,"type":"if","locations":[{"start":{"line":436,"column":23},"end":{"line":436,"column":23}},{"start":{"line":436,"column":23},"end":{"line":436,"column":23}}]},"25":{"line":437,"type":"if","locations":[{"start":{"line":437,"column":8},"end":{"line":437,"column":8}},{"start":{"line":437,"column":8},"end":{"line":437,"column":8}}]},"26":{"line":440,"type":"if","locations":[{"start":{"line":440,"column":8},"end":{"line":440,"column":8}},{"start":{"line":440,"column":8},"end":{"line":440,"column":8}}]},"27":{"line":461,"type":"if","locations":[{"start":{"line":461,"column":23},"end":{"line":461,"column":23}},{"start":{"line":461,"column":23},"end":{"line":461,"column":23}}]},"28":{"line":462,"type":"if","locations":[{"start":{"line":462,"column":8},"end":{"line":462,"column":8}},{"start":{"line":462,"column":8},"end":{"line":462,"column":8}}]},"29":{"line":466,"type":"if","locations":[{"start":{"line":466,"column":8},"end":{"line":466,"column":8}},{"start":{"line":466,"column":8},"end":{"line":466,"column":8}}]},"30":{"line":491,"type":"if","locations":[{"start":{"line":491,"column":8},"end":{"line":491,"column":8}},{"start":{"line":491,"column":8},"end":{"line":491,"column":8}}]},"31":{"line":494,"type":"if","locations":[{"start":{"line":494,"column":8},"end":{"line":494,"column":8}},{"start":{"line":494,"column":8},"end":{"line":494,"column":8}}]},"32":{"line":496,"type":"if","locations":[{"start":{"line":496,"column":8},"end":{"line":496,"column":8}},{"start":{"line":496,"column":8},"end":{"line":496,"column":8}}]},"33":{"line":509,"type":"if","locations":[{"start":{"line":509,"column":8},"end":{"line":509,"column":8}},{"start":{"line":509,"column":8},"end":{"line":509,"column":8}}]}}},
"contracts/upgradeability/OwnedUpgradeabilityProxy.sol":{"l":{"37":0,"45":0,"46":0,"55":0,"56":0,"66":0,"67":0,"76":0,"77":0,"87":0,"88":0,"89":0,"97":0,"111":0,"112":0,"113":0,"121":0,"125":0,"133":0,"134":0,"144":0,"145":0,"155":0,"156":0,"160":0,"161":0,"165":0,"166":0,"171":0,"172":0,"173":0,"194":0,"198":0},"path":"/home/user/work/dabblerUpdated/dabbler/contracts/upgradeability/OwnedUpgradeabilityProxy.sol","s":{"1":0,"2":0,"3":0,"4":0,"5":0,"6":0,"7":0,"8":0,"9":0,"10":0,"11":0,"12":0,"13":0,"14":0,"15":0,"16":0,"17":0,"18":0,"19":0,"20":0,"21":0,"22":0,"23":0,"24":0},"b":{"1":[0,0],"2":[0,0],"3":[0,0],"4":[0,0],"5":[0,0],"6":[0,0],"7":[0,0],"8":[0,0],"9":[0,0],"10":[0,0],"11":[0,0]},"f":{"1":0,"2":0,"3":0,"4":0,"5":0,"6":0,"7":0,"8":0,"9":0,"10":0,"11":0,"12":0,"13":0,"14":0},"fnMap":{"1":{"name":"constructor","line":36,"loc":{"start":{"line":36,"column":4},"end":{"line":38,"column":4}}},"2":{"name":"maintenance","line":44,"loc":{"start":{"line":44,"column":4},"end":{"line":49,"column":4}}},"3":{"name":"setMaintenance","line":54,"loc":{"start":{"line":54,"column":4},"end":{"line":59,"column":4}}},"4":{"name":"proxyOwner","line":65,"loc":{"start":{"line":65,"column":4},"end":{"line":70,"column":4}}},"5":{"name":"setUpgradeabilityOwner","line":75,"loc":{"start":{"line":75,"column":4},"end":{"line":80,"column":4}}},"6":{"name":"transferProxyOwnership","line":86,"loc":{"start":{"line":86,"column":4},"end":{"line":90,"column":4}}},"7":{"name":"upgradeTo","line":96,"loc":{"start":{"line":96,"column":4},"end":{"line":98,"column":4}}},"8":{"name":"upgradeToAndCall","line":110,"loc":{"start":{"line":107,"column":4},"end":{"line":114,"column":4}}},"9":{"name":null,"line":120,"loc":{"start":{"line":120,"column":4},"end":{"line":122,"column":4}}},"10":{"name":"implementation","line":132,"loc":{"start":{"line":132,"column":4},"end":{"line":137,"column":4}}},"11":{"name":"setImplementation","line":143,"loc":{"start":{"line":143,"column":4},"end":{"line":148,"column":4}}},"12":{"name":"_upgradeTo","line":154,"loc":{"start":{"line":154,"column":4},"end":{"line":162,"column":4}}},"13":{"name":"_fallback","line":164,"loc":{"start":{"line":164,"column":4},"end":{"line":188,"column":4}}},"14":{"name":"onlyProxyOwner","line":193,"loc":{"start":{"line":193,"column":4},"end":{"line":199,"column":4}}}},"statementMap":{"1":{"start":{"line":37,"column":8},"end":{"line":37,"column":41}},"2":{"start":{"line":45,"column":8},"end":{"line":45,"column":46}},"3":{"start":{"line":55,"column":8},"end":{"line":55,"column":46}},"4":{"start":{"line":66,"column":8},"end":{"line":66,"column":45}},"5":{"start":{"line":76,"column":8},"end":{"line":76,"column":45}},"6":{"start":{"line":87,"column":8},"end":{"line":87,"column":75}},"7":{"start":{"line":88,"column":8},"end":{"line":88,"column":62}},"8":{"start":{"line":89,"column":8},"end":{"line":89,"column":39}},"9":{"start":{"line":97,"column":8},"end":{"line":97,"column":36}},"10":{"start":{"line":111,"column":8},"end":{"line":111,"column":35}},"11":{"start":{"line":112,"column":8},"end":{"line":112,"column":69}},"12":{"start":{"line":113,"column":8},"end":{"line":113,"column":60}},"13":{"start":{"line":121,"column":8},"end":{"line":121,"column":18}},"14":{"start":{"line":133,"column":8},"end":{"line":133,"column":49}},"15":{"start":{"line":144,"column":8},"end":{"line":144,"column":49}},"16":{"start":{"line":155,"column":8},"end":{"line":155,"column":56}},"17":{"start":{"line":156,"column":8},"end":{"line":156,"column":5401}},"18":{"start":{"line":160,"column":8},"end":{"line":160,"column":43}},"19":{"start":{"line":161,"column":8},"end":{"line":161,"column":40}},"20":{"start":{"line":165,"column":8},"end":{"line":165,"column":5664}},"21":{"start":{"line":166,"column":12},"end":{"line":166,"column":5701}},"22":{"start":{"line":171,"column":8},"end":{"line":171,"column":40}},"23":{"start":{"line":172,"column":8},"end":{"line":172,"column":72}},"24":{"start":{"line":194,"column":8},"end":{"line":194,"column":6516}}},"branchMap":{"1":{"line":54,"type":"if","locations":[{"start":{"line":54,"column":56},"end":{"line":54,"column":56}},{"start":{"line":54,"column":56},"end":{"line":54,"column":56}}]},"2":{"line":86,"type":"if","locations":[{"start":{"line":86,"column":61},"end":{"line":86,"column":61}},{"start":{"line":86,"column":61},"end":{"line":86,"column":61}}]},"3":{"line":87,"type":"if","locations":[{"start":{"line":87,"column":8},"end":{"line":87,"column":8}},{"start":{"line":87,"column":8},"end":{"line":87,"column":8}}]},"4":{"line":96,"type":"if","locations":[{"start":{"line":96,"column":57},"end":{"line":96,"column":57}},{"start":{"line":96,"column":57},"end":{"line":96,"column":57}}]},"5":{"line":110,"type":"if","locations":[{"start":{"line":110,"column":21},"end":{"line":110,"column":21}},{"start":{"line":110,"column":21},"end":{"line":110,"column":21}}]},"6":{"line":113,"type":"if","locations":[{"start":{"line":113,"column":8},"end":{"line":113,"column":8}},{"start":{"line":113,"column":8},"end":{"line":113,"column":8}}]},"7":{"line":156,"type":"if","locations":[{"start":{"line":156,"column":8},"end":{"line":156,"column":8}},{"start":{"line":156,"column":8},"end":{"line":156,"column":8}}]},"8":{"line":165,"type":"if","locations":[{"start":{"line":165,"column":8},"end":{"line":165,"column":8}},{"start":{"line":165,"column":8},"end":{"line":165,"column":8}}]},"9":{"line":166,"type":"if","locations":[{"start":{"line":166,"column":12},"end":{"line":166,"column":12}},{"start":{"line":166,"column":12},"end":{"line":166,"column":12}}]},"10":{"line":172,"type":"if","locations":[{"start":{"line":172,"column":8},"end":{"line":172,"column":8}},{"start":{"line":172,"column":8},"end":{"line":172,"column":8}}]},"11":{"line":194,"type":"if","locations":[{"start":{"line":194,"column":8},"end":{"line":194,"column":8}},{"start":{"line":194,"column":8},"end":{"line":194,"column":8}}]}}},
"contracts/USDC.sol":{"l":{"10":0,"11":0,"15":0,"20":0},"path":"/home/user/work/dabblerUpdated/dabbler/contracts/USDC.sol","s":{"1":0,"2":0,"3":0,"4":0},"b":{"1":[0,0]},"f":{"1":0,"2":0,"3":0,"4":0},"fnMap":{"1":{"name":"constructor","line":7,"loc":{"start":{"line":7,"column":4},"end":{"line":7,"column":19}}},"2":{"name":"Initialize","line":9,"loc":{"start":{"line":9,"column":4},"end":{"line":12,"column":4}}},"3":{"name":"mintdabb","line":14,"loc":{"start":{"line":14,"column":4},"end":{"line":16,"column":4}}},"4":{"name":"decimals","line":19,"loc":{"start":{"line":19,"column":5},"end":{"line":21,"column":1}}}},"statementMap":{"1":{"start":{"line":10,"column":8},"end":{"line":10,"column":45}},"2":{"start":{"line":11,"column":8},"end":{"line":11,"column":41}},"3":{"start":{"line":15,"column":8},"end":{"line":15,"column":33}},"4":{"start":{"line":20,"column":2},"end":{"line":20,"column":10}}},"branchMap":{"1":{"line":9,"type":"if","locations":[{"start":{"line":9,"column":33},"end":{"line":9,"column":33}},{"start":{"line":9,"column":33},"end":{"line":9,"column":33}}]}}},
"contracts/USDT.sol":{"l":{"10":0,"11":0,"15":0,"20":0},"path":"/home/user/work/dabblerUpdated/dabbler/contracts/USDT.sol","s":{"1":0,"2":0,"3":0,"4":0},"b":{"1":[0,0]},"f":{"1":0,"2":0,"3":0,"4":0},"fnMap":{"1":{"name":"constructor","line":7,"loc":{"start":{"line":7,"column":4},"end":{"line":7,"column":19}}},"2":{"name":"Initialize","line":9,"loc":{"start":{"line":9,"column":4},"end":{"line":12,"column":4}}},"3":{"name":"mintdabb","line":14,"loc":{"start":{"line":14,"column":4},"end":{"line":16,"column":4}}},"4":{"name":"decimals","line":19,"loc":{"start":{"line":19,"column":5},"end":{"line":21,"column":1}}}},"statementMap":{"1":{"start":{"line":10,"column":8},"end":{"line":10,"column":45}},"2":{"start":{"line":11,"column":8},"end":{"line":11,"column":41}},"3":{"start":{"line":15,"column":8},"end":{"line":15,"column":33}},"4":{"start":{"line":20,"column":2},"end":{"line":20,"column":10}}},"branchMap":{"1":{"line":9,"type":"if","locations":[{"start":{"line":9,"column":33},"end":{"line":9,"column":33}},{"start":{"line":9,"column":33},"end":{"line":9,"column":33}}]}}},
"contracts/WBTC.sol":{"l":{"10":0,"11":0,"15":0,"20":0},"path":"/home/user/work/dabblerUpdated/dabbler/contracts/WBTC.sol","s":{"1":0,"2":0,"3":0,"4":0},"b":{"1":[0,0]},"f":{"1":0,"2":0,"3":0,"4":0},"fnMap":{"1":{"name":"constructor","line":7,"loc":{"start":{"line":7,"column":4},"end":{"line":7,"column":19}}},"2":{"name":"Initialize","line":9,"loc":{"start":{"line":9,"column":4},"end":{"line":12,"column":4}}},"3":{"name":"mintdabb","line":14,"loc":{"start":{"line":14,"column":4},"end":{"line":16,"column":4}}},"4":{"name":"decimals","line":19,"loc":{"start":{"line":19,"column":5},"end":{"line":21,"column":1}}}},"statementMap":{"1":{"start":{"line":10,"column":8},"end":{"line":10,"column":45}},"2":{"start":{"line":11,"column":8},"end":{"line":11,"column":41}},"3":{"start":{"line":15,"column":8},"end":{"line":15,"column":33}},"4":{"start":{"line":20,"column":2},"end":{"line":20,"column":10}}},"branchMap":{"1":{"line":9,"type":"if","locations":[{"start":{"line":9,"column":33},"end":{"line":9,"column":33}},{"start":{"line":9,"column":33},"end":{"line":9,"column":33}}]}}},
"contracts/WETHToken.sol":{"l":{"21":12,"22":12,"25":14,"26":14,"27":14,"28":14,"32":0,"36":0,"37":0,"38":0,"42":26,"49":26,"51":26,"52":0,"53":0,"56":26,"57":26,"59":26,"61":26},"path":"/home/user/work/dabblerUpdated/dabbler/contracts/WETHToken.sol","s":{"1":12,"2":14,"3":14,"4":14,"5":0,"6":0,"7":0,"8":26,"9":26,"10":26,"11":0,"12":26,"13":26},"b":{"1":[14,0],"2":[26,0],"3":[0,26],"4":[0,0]},"f":{"1":12,"2":14,"3":0,"4":0,"5":26,"6":26},"fnMap":{"1":{"name":"deposit","line":20,"loc":{"start":{"line":20,"column":4},"end":{"line":23,"column":4}}},"2":{"name":"withdraw","line":24,"loc":{"start":{"line":24,"column":4},"end":{"line":29,"column":4}}},"3":{"name":"totalSupply","line":31,"loc":{"start":{"line":31,"column":4},"end":{"line":33,"column":4}}},"4":{"name":"approve","line":35,"loc":{"start":{"line":35,"column":4},"end":{"line":39,"column":4}}},"5":{"name":"transfer","line":41,"loc":{"start":{"line":41,"column":4},"end":{"line":43,"column":4}}},"6":{"name":"transferFrom","line":45,"loc":{"start":{"line":45,"column":4},"end":{"line":62,"column":4}}}},"statementMap":{"1":{"start":{"line":22,"column":8},"end":{"line":22,"column":43}},"2":{"start":{"line":25,"column":8},"end":{"line":25,"column":44}},"3":{"start":{"line":27,"column":8},"end":{"line":27,"column":40}},"4":{"start":{"line":28,"column":8},"end":{"line":28,"column":40}},"5":{"start":{"line":32,"column":8},"end":{"line":32,"column":36}},"6":{"start":{"line":37,"column":8},"end":{"line":37,"column":43}},"7":{"start":{"line":38,"column":8},"end":{"line":38,"column":19}},"8":{"start":{"line":42,"column":8},"end":{"line":42,"column":49}},"9":{"start":{"line":49,"column":8},"end":{"line":49,"column":37}},"10":{"start":{"line":51,"column":8},"end":{"line":51,"column":1555}},"11":{"start":{"line":52,"column":12},"end":{"line":52,"column":53}},"12":{"start":{"line":59,"column":8},"end":{"line":59,"column":36}},"13":{"start":{"line":61,"column":8},"end":{"line":61,"column":19}}},"branchMap":{"1":{"line":25,"type":"if","locations":[{"start":{"line":25,"column":8},"end":{"line":25,"column":8}},{"start":{"line":25,"column":8},"end":{"line":25,"column":8}}]},"2":{"line":49,"type":"if","locations":[{"start":{"line":49,"column":8},"end":{"line":49,"column":8}},{"start":{"line":49,"column":8},"end":{"line":49,"column":8}}]},"3":{"line":51,"type":"if","locations":[{"start":{"line":51,"column":8},"end":{"line":51,"column":8}},{"start":{"line":51,"column":8},"end":{"line":51,"column":8}}]},"4":{"line":52,"type":"if","locations":[{"start":{"line":52,"column":12},"end":{"line":52,"column":12}},{"start":{"line":52,"column":12},"end":{"line":52,"column":12}}]}}}}
