TN:
SF:/home/user/work/dabblerUpdated/dabbler/contracts/dabb20.sol
FN:7,constructor
FN:9,Initialize
FN:14,mintdabb
FN:19,decimals
FNF:4
FNH:3
FNDA:6,constructor
FNDA:26,Initialize
FNDA:21,mintdabb
FNDA:0,decimals
DA:10,26
DA:11,26
DA:15,21
DA:20,0
LF:4
LH:3
BRDA:9,1,0,26
BRDA:9,1,1,0
BRF:2
BRH:1
end_of_record
TN:
SF:/home/user/work/dabblerUpdated/dabbler/contracts/Dabbler.sol
FN:62,initialize
FN:74,_feeDenominator
FN:85,safeMint
FN:132,lazyMint
FN:157,safeTransfer
FN:173,royaltyInfo
FN:202,offerListingHash
FN:229,verifyOfferListing
FN:242,placeOffer
FN:291,refund
FN:324,acceptOffer
FN:399,upgradeOffer
FN:440,supportsInterface
FNF:13
FNH:4
FNDA:26,initialize
FNDA:14,_feeDenominator
FNDA:0,safeMint
FNDA:14,lazyMint
FNDA:13,safeTransfer
FNDA:0,royaltyInfo
FNDA:0,offerListingHash
FNDA:0,verifyOfferListing
FNDA:0,placeOffer
FNDA:0,refund
FNDA:0,acceptOffer
FNDA:0,upgradeOffer
FNDA:0,supportsInterface
DA:64,26
DA:65,26
DA:66,26
DA:67,26
DA:68,26
DA:69,26
DA:70,26
DA:71,26
DA:75,14
DA:91,0
DA:95,0
DA:96,0
DA:139,14
DA:141,14
DA:143,14
DA:145,14
DA:147,13
DA:163,13
DA:183,0
DA:205,0
DA:232,0
DA:233,0
DA:246,0
DA:247,0
DA:251,0
DA:252,0
DA:258,0
DA:262,0
DA:264,0
DA:270,0
DA:276,0
DA:281,0
DA:296,0
DA:297,0
DA:298,0
DA:299,0
DA:300,0
DA:302,0
DA:303,0
DA:304,0
DA:306,0
DA:309,0
DA:311,0
DA:312,0
DA:313,0
DA:315,0
DA:328,0
DA:329,0
DA:330,0
DA:331,0
DA:332,0
DA:333,0
DA:334,0
DA:335,0
DA:339,0
DA:343,0
DA:344,0
DA:346,0
DA:351,0
DA:353,0
DA:357,0
DA:359,0
DA:361,0
DA:362,0
DA:365,0
DA:369,0
DA:370,0
DA:372,0
DA:377,0
DA:380,0
DA:388,0
DA:405,0
DA:406,0
DA:407,0
DA:408,0
DA:412,0
DA:413,0
DA:415,0
DA:421,0
DA:423,0
DA:424,0
DA:428,0
DA:429,0
DA:430,0
DA:436,0
DA:449,0
LF:86
LH:15
BRDA:62,1,0,26
BRDA:62,1,1,0
BRDA:91,2,0,0
BRDA:91,2,1,0
BRDA:92,3,0,0
BRDA:92,3,1,0
BRDA:139,4,0,14
BRDA:139,4,1,0
BRDA:139,5,0,14
BRDA:139,5,1,0
BRDA:246,6,0,0
BRDA:246,6,1,0
BRDA:247,7,0,0
BRDA:247,7,1,0
BRDA:251,8,0,0
BRDA:251,8,1,0
BRDA:264,9,0,0
BRDA:264,9,1,0
BRDA:296,10,0,0
BRDA:296,10,1,0
BRDA:297,11,0,0
BRDA:297,11,1,0
BRDA:298,12,0,0
BRDA:298,12,1,0
BRDA:309,13,0,0
BRDA:309,13,1,0
BRDA:328,14,0,0
BRDA:328,14,1,0
BRDA:333,15,0,0
BRDA:333,15,1,0
BRDA:357,16,0,0
BRDA:357,16,1,0
BRDA:359,17,0,0
BRDA:359,17,1,0
BRDA:405,18,0,0
BRDA:405,18,1,0
BRDA:406,19,0,0
BRDA:406,19,1,0
BRDA:407,20,0,0
BRDA:407,20,1,0
BRDA:412,21,0,0
BRDA:412,21,1,0
BRDA:423,22,0,0
BRDA:423,22,1,0
BRDA:428,23,0,0
BRDA:428,23,1,0
BRDA:450,24,0,0
BRDA:450,24,1,0
BRF:48
BRH:3
end_of_record
TN:
SF:/home/user/work/dabblerUpdated/dabbler/contracts/getinit.sol
FN:9,getInitHash
FNF:1
FNH:1
FNDA:2,getInitHash
DA:10,2
DA:11,2
LF:2
LH:2
BRF:0
BRH:0
end_of_record
TN:
SF:/home/user/work/dabblerUpdated/dabbler/contracts/interface/events.sol
FNF:0
FNH:0
LF:0
LH:0
BRF:0
BRH:0
end_of_record
TN:
SF:/home/user/work/dabblerUpdated/dabbler/contracts/interface/IDEBNFT.sol
FNF:0
FNH:0
LF:0
LH:0
BRF:0
BRH:0
end_of_record
TN:
SF:/home/user/work/dabblerUpdated/dabbler/contracts/interface/INFT.sol
FNF:0
FNH:0
LF:0
LH:0
BRF:0
BRH:0
end_of_record
TN:
SF:/home/user/work/dabblerUpdated/dabbler/contracts/interfaces/IERC20 copy.sol
FNF:0
FNH:0
LF:0
LH:0
BRF:0
BRH:0
end_of_record
TN:
SF:/home/user/work/dabblerUpdated/dabbler/contracts/interfaces/IERC20.sol
FNF:0
FNH:0
LF:0
LH:0
BRF:0
BRH:0
end_of_record
TN:
SF:/home/user/work/dabblerUpdated/dabbler/contracts/interfaces/IUniswapV2Callee.sol
FNF:0
FNH:0
LF:0
LH:0
BRF:0
BRH:0
end_of_record
TN:
SF:/home/user/work/dabblerUpdated/dabbler/contracts/interfaces/IUniswapV2ERC20.sol
FNF:0
FNH:0
LF:0
LH:0
BRF:0
BRH:0
end_of_record
TN:
SF:/home/user/work/dabblerUpdated/dabbler/contracts/interfaces/IUniswapV2Factory.sol
FNF:0
FNH:0
LF:0
LH:0
BRF:0
BRH:0
end_of_record
TN:
SF:/home/user/work/dabblerUpdated/dabbler/contracts/interfaces/IUniswapV2Migrator.sol
FNF:0
FNH:0
LF:0
LH:0
BRF:0
BRH:0
end_of_record
TN:
SF:/home/user/work/dabblerUpdated/dabbler/contracts/interfaces/IUniswapV2Pair.sol
FNF:0
FNH:0
LF:0
LH:0
BRF:0
BRH:0
end_of_record
TN:
SF:/home/user/work/dabblerUpdated/dabbler/contracts/interfaces/IUniswapV2Router01.sol
FNF:0
FNH:0
LF:0
LH:0
BRF:0
BRH:0
end_of_record
TN:
SF:/home/user/work/dabblerUpdated/dabbler/contracts/interfaces/IUniswapV2Router02.sol
FNF:0
FNH:0
LF:0
LH:0
BRF:0
BRH:0
end_of_record
TN:
SF:/home/user/work/dabblerUpdated/dabbler/contracts/interfaces/IWETH.sol
FNF:0
FNH:0
LF:0
LH:0
BRF:0
BRH:0
end_of_record
TN:
SF:/home/user/work/dabblerUpdated/dabbler/contracts/interfaces/V1/IUniswapV1Exchange.sol
FNF:0
FNH:0
LF:0
LH:0
BRF:0
BRH:0
end_of_record
TN:
SF:/home/user/work/dabblerUpdated/dabbler/contracts/interfaces/V1/IUniswapV1Factory.sol
FNF:0
FNH:0
LF:0
LH:0
BRF:0
BRH:0
end_of_record
TN:
SF:/home/user/work/dabblerUpdated/dabbler/contracts/lib/contracts/libraries/AddressStringUtil.sol
FN:6,toAsciiString
FN:27,char
FNF:2
FNH:0
FNDA:0,toAsciiString
FNDA:0,char
DA:7,0
DA:9,0
DA:10,0
DA:11,0
DA:13,0
DA:15,0
DA:17,0
DA:18,0
DA:19,0
DA:21,0
DA:28,0
DA:29,0
DA:31,0
LF:13
LH:0
BRDA:7,1,0,0
BRDA:7,1,1,0
BRDA:28,2,0,0
BRDA:28,2,1,0
BRF:4
BRH:0
end_of_record
TN:
SF:/home/user/work/dabblerUpdated/dabbler/contracts/lib/contracts/libraries/Babylonian.sol
FN:9,sqrt
FNF:1
FNH:0
FNDA:0,sqrt
DA:10,0
DA:13,0
DA:14,0
DA:15,0
DA:16,0
DA:17,0
DA:19,0
DA:20,0
DA:21,0
DA:23,0
DA:24,0
DA:25,0
DA:27,0
DA:28,0
DA:29,0
DA:31,0
DA:32,0
DA:33,0
DA:35,0
DA:36,0
DA:37,0
DA:39,0
DA:40,0
DA:42,0
DA:43,0
DA:44,0
DA:45,0
DA:46,0
DA:47,0
DA:48,0
DA:49,0
DA:50,0
LF:32
LH:0
BRDA:10,1,0,0
BRDA:10,1,1,0
BRDA:15,2,0,0
BRDA:15,2,1,0
BRDA:19,3,0,0
BRDA:19,3,1,0
BRDA:23,4,0,0
BRDA:23,4,1,0
BRDA:27,5,0,0
BRDA:27,5,1,0
BRDA:31,6,0,0
BRDA:31,6,1,0
BRDA:35,7,0,0
BRDA:35,7,1,0
BRDA:39,8,0,0
BRDA:39,8,1,0
BRDA:50,9,0,0
BRDA:50,9,1,0
BRF:18
BRH:0
end_of_record
TN:
SF:/home/user/work/dabblerUpdated/dabbler/contracts/lib/contracts/libraries/BitMath.sol
FN:7,mostSignificantBit
FN:44,leastSignificantBit
FNF:2
FNH:0
FNDA:0,mostSignificantBit
FNDA:0,leastSignificantBit
DA:8,0
DA:10,0
DA:11,0
DA:12,0
DA:14,0
DA:15,0
DA:16,0
DA:18,0
DA:19,0
DA:20,0
DA:22,0
DA:23,0
DA:24,0
DA:26,0
DA:27,0
DA:28,0
DA:30,0
DA:31,0
DA:32,0
DA:34,0
DA:35,0
DA:36,0
DA:38,0
DA:45,0
DA:47,0
DA:48,0
DA:49,0
DA:51,0
DA:53,0
DA:54,0
DA:56,0
DA:58,0
DA:59,0
DA:61,0
DA:63,0
DA:64,0
DA:66,0
DA:68,0
DA:69,0
DA:71,0
DA:73,0
DA:74,0
DA:76,0
DA:78,0
DA:79,0
DA:81,0
DA:83,0
LF:47
LH:0
BRDA:8,1,0,0
BRDA:8,1,1,0
BRDA:10,2,0,0
BRDA:10,2,1,0
BRDA:14,3,0,0
BRDA:14,3,1,0
BRDA:18,4,0,0
BRDA:18,4,1,0
BRDA:22,5,0,0
BRDA:22,5,1,0
BRDA:26,6,0,0
BRDA:26,6,1,0
BRDA:30,7,0,0
BRDA:30,7,1,0
BRDA:34,8,0,0
BRDA:34,8,1,0
BRDA:38,9,0,0
BRDA:38,9,1,0
BRDA:45,10,0,0
BRDA:45,10,1,0
BRDA:48,11,0,0
BRDA:48,11,1,0
BRDA:53,12,0,0
BRDA:53,12,1,0
BRDA:58,13,0,0
BRDA:58,13,1,0
BRDA:63,14,0,0
BRDA:63,14,1,0
BRDA:68,15,0,0
BRDA:68,15,1,0
BRDA:73,16,0,0
BRDA:73,16,1,0
BRDA:78,17,0,0
BRDA:78,17,1,0
BRDA:83,18,0,0
BRDA:83,18,1,0
BRF:36
BRH:0
end_of_record
TN:
SF:/home/user/work/dabblerUpdated/dabbler/contracts/lib/contracts/libraries/SafeERC20Namer.sol
FN:9,bytes32ToString
FN:27,parseStringData
FN:45,addressToName
FN:51,addressToSymbol
FN:56,callAndParseStringReturn
FN:73,tokenSymbol
FN:84,tokenName
FNF:7
FNH:0
FNDA:0,bytes32ToString
FNDA:0,parseStringData
FNDA:0,addressToName
FNDA:0,addressToSymbol
FNDA:0,callAndParseStringReturn
FNDA:0,tokenSymbol
FNDA:0,tokenName
DA:10,0
DA:11,0
DA:12,0
DA:13,0
DA:14,0
DA:15,0
DA:16,0
DA:19,0
DA:20,0
DA:21,0
DA:23,0
DA:28,0
DA:30,0
DA:31,0
DA:32,0
DA:35,0
DA:36,0
DA:37,0
DA:40,0
DA:46,0
DA:52,0
DA:57,0
DA:59,0
DA:60,0
DA:63,0
DA:64,0
DA:65,0
DA:67,0
DA:69,0
DA:75,0
DA:76,0
DA:78,0
DA:80,0
DA:86,0
DA:87,0
DA:89,0
DA:91,0
LF:37
LH:0
BRDA:14,1,0,0
BRDA:14,1,1,0
BRDA:59,2,0,0
BRDA:59,2,1,0
BRDA:59,3,0,0
BRDA:59,3,1,0
BRDA:63,4,0,0
BRDA:63,4,1,0
BRDA:66,5,0,0
BRDA:66,5,1,0
BRDA:76,6,0,0
BRDA:76,6,1,0
BRDA:87,7,0,0
BRDA:87,7,1,0
BRF:14
BRH:0
end_of_record
TN:
SF:/home/user/work/dabblerUpdated/dabbler/contracts/lib/contracts/libraries/TransferHelper.sol
FN:6,safeApprove
FN:19,safeTransfer
FN:32,safeTransferFrom
FN:47,safeTransferETH
FNF:4
FNH:2
FNDA:0,safeApprove
FNDA:0,safeTransfer
FNDA:26,safeTransferFrom
FNDA:14,safeTransferETH
DA:12,0
DA:13,0
DA:25,0
DA:26,0
DA:39,26
DA:41,26
DA:48,14
DA:49,14
LF:8
LH:4
BRDA:13,1,0,0
BRDA:13,1,1,0
BRDA:14,2,0,0
BRDA:14,2,1,0
BRDA:26,3,0,0
BRDA:26,3,1,0
BRDA:27,4,0,0
BRDA:27,4,1,0
BRDA:41,5,0,26
BRDA:41,5,1,0
BRDA:42,6,0,0
BRDA:42,6,1,26
BRDA:49,7,0,14
BRDA:49,7,1,0
BRF:14
BRH:3
end_of_record
TN:
SF:/home/user/work/dabblerUpdated/dabbler/contracts/library/Math.sol
FN:7,min
FN:12,sqrt
FNF:2
FNH:1
FNDA:0,min
FNDA:12,sqrt
DA:8,0
DA:13,12
DA:14,12
DA:15,12
DA:16,12
DA:17,876
DA:18,876
DA:21,0
LF:8
LH:6
BRDA:8,1,0,0
BRDA:8,1,1,0
BRDA:13,2,0,12
BRDA:13,2,1,0
BRDA:20,3,0,0
BRDA:20,3,1,0
BRF:6
BRH:1
end_of_record
TN:
SF:/home/user/work/dabblerUpdated/dabbler/contracts/library/SafeMath copy.sol
FN:7,add
FN:11,sub
FN:15,mul
FNF:3
FNH:0
FNDA:0,add
FNDA:0,sub
FNDA:0,mul
DA:8,0
DA:12,0
DA:16,0
LF:3
LH:0
BRDA:8,1,0,0
BRDA:8,1,1,0
BRDA:12,2,0,0
BRDA:12,2,1,0
BRDA:16,3,0,0
BRDA:16,3,1,0
BRDA:16,4,0,0
BRDA:16,4,1,0
BRF:8
BRH:0
end_of_record
TN:
SF:/home/user/work/dabblerUpdated/dabbler/contracts/library/SafeMath.sol
FN:7,add
FN:11,sub
FN:15,mul
FNF:3
FNH:3
FNDA:90,add
FNDA:106,sub
FNDA:236,mul
DA:8,90
DA:12,106
DA:16,236
LF:3
LH:3
BRDA:8,1,0,90
BRDA:8,1,1,0
BRDA:12,2,0,106
BRDA:12,2,1,0
BRDA:16,3,0,236
BRDA:16,3,1,0
BRDA:16,4,0,0
BRDA:16,4,1,236
BRF:8
BRH:4
end_of_record
TN:
SF:/home/user/work/dabblerUpdated/dabbler/contracts/library/structs.sol
FNF:0
FNH:0
LF:0
LH:0
BRF:0
BRH:0
end_of_record
TN:
SF:/home/user/work/dabblerUpdated/dabbler/contracts/library/UniswapV2Library.sol
FN:14,sortTokens
FN:30,pairFor
FN:35,getReserves
FN:43,quote
FN:50,getAmountOut
FN:60,getAmountIn
FN:71,getAmountsOut
FN:82,getAmountsIn
FNF:8
FNH:5
FNDA:68,sortTokens
FNDA:94,pairFor
FNDA:54,getReserves
FNDA:0,quote
FNDA:0,getAmountOut
FNDA:42,getAmountIn
FNDA:0,getAmountsOut
FNDA:42,getAmountsIn
DA:15,68
DA:16,68
DA:17,68
DA:31,94
DA:36,54
DA:37,54
DA:38,54
DA:39,54
DA:44,0
DA:45,0
DA:46,0
DA:51,0
DA:52,0
DA:53,0
DA:54,0
DA:55,0
DA:56,0
DA:61,42
DA:62,42
DA:63,42
DA:64,42
DA:67,42
DA:72,0
DA:73,0
DA:74,0
DA:75,0
DA:76,0
DA:77,0
DA:83,42
DA:84,42
DA:86,42
DA:88,42
DA:89,42
DA:91,42
LF:34
LH:19
BRDA:15,1,0,68
BRDA:15,1,1,0
BRDA:16,2,0,68
BRDA:16,2,1,0
BRDA:17,3,0,68
BRDA:17,3,1,0
BRDA:39,4,0,54
BRDA:39,4,1,0
BRDA:44,5,0,0
BRDA:44,5,1,0
BRDA:45,6,0,0
BRDA:45,6,1,0
BRDA:51,7,0,0
BRDA:51,7,1,0
BRDA:52,8,0,0
BRDA:52,8,1,0
BRDA:61,9,0,42
BRDA:61,9,1,0
BRDA:62,10,0,42
BRDA:62,10,1,0
BRDA:72,11,0,0
BRDA:72,11,1,0
BRDA:83,12,0,42
BRDA:83,12,1,0
BRF:24
BRH:7
end_of_record
TN:
SF:/home/user/work/dabblerUpdated/dabbler/contracts/library/UniswapV2OracleLibrary.sol
FN:10,currentBlockTimestamp
FNF:1
FNH:0
FNDA:0,currentBlockTimestamp
DA:11,0
LF:1
LH:0
BRF:0
BRH:0
end_of_record
TN:
SF:/home/user/work/dabblerUpdated/dabbler/contracts/library/UQ112x112.sol
FN:13,encode
FN:18,uqdiv
FNF:2
FNH:2
FNDA:28,encode
FNDA:28,uqdiv
DA:14,28
DA:19,28
LF:2
LH:2
BRF:0
BRH:0
end_of_record
TN:
SF:/home/user/work/dabblerUpdated/dabbler/contracts/MarketPlace.sol
FN:58,constructor
FN:75,initialize
FN:94,setPlatformFee
FN:107,setAdmin
FN:118,priListingHash
FN:147,priListingVerify
FN:159,checkFunc
FN:180,swapandTransfer
FN:221,buy
FN:303,_checkBalance
FN:336,checkout
FN:423,primarySale
FN:534,_checkRoyalty
FN:559,secondarySale
FN:675,setCounter
FN:705,airDropNft
FN:737,getPrice
FNF:17
FNH:11
FNDA:6,constructor
FNDA:26,initialize
FNDA:0,setPlatformFee
FNDA:3,setAdmin
FNDA:33,priListingHash
FNDA:33,priListingVerify
FNDA:0,checkFunc
FNDA:14,swapandTransfer
FNDA:23,buy
FNDA:0,_checkBalance
FNDA:0,checkout
FNDA:14,primarySale
FNDA:0,_checkRoyalty
FNDA:1,secondarySale
FNDA:15,setCounter
FNDA:0,airDropNft
FNDA:28,getPrice
DA:76,26
DA:77,26
DA:78,26
DA:79,26
DA:80,26
DA:81,26
DA:82,26
DA:95,0
DA:96,0
DA:108,3
DA:109,3
DA:121,33
DA:150,33
DA:151,33
DA:160,0
DA:161,0
DA:163,0
DA:164,0
DA:183,14
DA:186,14
DA:189,14
DA:193,14
DA:194,14
DA:195,14
DA:199,14
DA:229,23
DA:232,19
DA:236,19
DA:240,15
DA:243,15
DA:248,15
DA:251,14
DA:256,14
DA:266,13
DA:275,1
DA:279,0
DA:289,12
DA:307,0
DA:308,0
DA:313,0
DA:316,0
DA:318,0
DA:343,0
DA:344,0
DA:348,0
DA:352,0
DA:355,0
DA:359,0
DA:361,0
DA:366,0
DA:376,0
DA:387,0
DA:393,0
DA:402,0
DA:431,14
DA:432,14
DA:436,0
DA:439,0
DA:442,0
DA:445,0
DA:449,0
DA:453,0
DA:458,0
DA:464,0
DA:469,0
DA:480,14
DA:481,14
DA:482,14
DA:483,14
DA:487,14
DA:490,14
DA:493,14
DA:496,14
DA:499,14
DA:501,14
DA:502,14
DA:505,14
DA:510,14
DA:535,0
DA:536,0
DA:539,0
DA:568,1
DA:570,0
DA:571,0
DA:573,0
DA:574,0
DA:575,0
DA:577,0
DA:578,0
DA:581,0
DA:582,0
DA:586,0
DA:590,0
DA:594,0
DA:596,0
DA:600,0
DA:608,0
DA:609,0
DA:610,0
DA:612,0
DA:614,0
DA:619,0
DA:621,0
DA:623,0
DA:626,0
DA:628,0
DA:631,0
DA:635,0
DA:639,0
DA:644,0
DA:652,0
DA:680,15
DA:682,15
DA:684,15
DA:685,14
DA:687,1
DA:689,15
DA:691,15
DA:692,15
DA:706,0
DA:712,0
DA:713,0
DA:714,0
DA:715,0
DA:717,0
DA:719,0
DA:743,28
DA:744,28
DA:745,28
DA:746,28
DA:748,28
DA:750,28
LF:132
LH:60
BRDA:75,1,0,26
BRDA:75,1,1,0
BRDA:94,2,0,0
BRDA:94,2,1,0
BRDA:95,3,0,0
BRDA:95,3,1,0
BRDA:107,4,0,3
BRDA:107,4,1,0
BRDA:108,5,0,3
BRDA:108,5,1,0
BRDA:183,6,0,14
BRDA:183,6,1,0
BRDA:186,7,0,14
BRDA:186,7,1,0
BRDA:229,8,0,19
BRDA:229,8,1,4
BRDA:236,9,0,15
BRDA:236,9,1,4
BRDA:240,10,0,15
BRDA:240,10,1,0
BRDA:248,11,0,14
BRDA:248,11,1,1
BRDA:348,12,0,0
BRDA:348,12,1,0
BRDA:348,13,0,0
BRDA:348,13,1,0
BRDA:352,14,0,0
BRDA:352,14,1,0
BRDA:359,15,0,0
BRDA:359,15,1,0
BRDA:432,16,0,0
BRDA:432,16,1,14
BRDA:442,17,0,0
BRDA:442,17,1,0
BRDA:445,18,0,0
BRDA:445,18,1,0
BRDA:453,19,0,0
BRDA:453,19,1,0
BRDA:469,20,0,0
BRDA:469,20,1,0
BRDA:480,21,0,14
BRDA:480,21,1,0
BRDA:482,22,0,14
BRDA:482,22,1,0
BRDA:490,23,0,14
BRDA:490,23,1,0
BRDA:499,24,0,14
BRDA:499,24,1,0
BRDA:505,25,0,14
BRDA:505,25,1,0
BRDA:535,26,0,0
BRDA:535,26,1,0
BRDA:568,27,0,0
BRDA:568,27,1,1
BRDA:571,28,0,0
BRDA:571,28,1,0
BRDA:573,29,0,0
BRDA:573,29,1,0
BRDA:575,30,0,0
BRDA:575,30,1,0
BRDA:581,31,0,0
BRDA:581,31,1,0
BRDA:594,32,0,0
BRDA:594,32,1,0
BRDA:600,33,0,0
BRDA:600,33,1,0
BRDA:608,34,0,0
BRDA:608,34,1,0
BRDA:610,35,0,0
BRDA:610,35,1,0
BRDA:619,36,0,0
BRDA:619,36,1,0
BRDA:623,37,0,0
BRDA:623,37,1,0
BRDA:644,38,0,0
BRDA:644,38,1,0
BRDA:680,39,0,15
BRDA:680,39,1,0
BRDA:684,40,0,14
BRDA:684,40,1,1
BRDA:689,41,0,15
BRDA:689,41,1,0
BRDA:692,42,0,1
BRDA:692,42,1,14
BRDA:705,43,0,0
BRDA:705,43,1,0
BRDA:706,44,0,0
BRDA:706,44,1,0
BRDA:713,45,0,0
BRDA:713,45,1,0
BRDA:714,46,0,0
BRDA:714,46,1,0
BRDA:715,47,0,0
BRDA:715,47,1,0
BRF:94
BRH:25
end_of_record
TN:
SF:/home/user/work/dabblerUpdated/dabbler/contracts/NoRoyalty.sol
FN:9,initialize
FN:14,mint
FN:18,safeTransfer
FNF:3
FNH:1
FNDA:26,initialize
FNDA:0,mint
FNDA:0,safeTransfer
DA:10,26
DA:11,26
DA:15,0
DA:19,0
LF:4
LH:2
BRDA:9,1,0,26
BRDA:9,1,1,0
BRDA:14,2,0,0
BRDA:14,2,1,0
BRF:4
BRH:1
end_of_record
TN:
SF:/home/user/work/dabblerUpdated/dabbler/contracts/PriceFeed.sol
FN:30,constructor
FN:37,addCurrency
FN:43,getChainlinkDataFeedLatestAnswer
FNF:3
FNH:0
FNDA:0,constructor
FNDA:0,addCurrency
FNDA:0,getChainlinkDataFeedLatestAnswer
DA:31,0
DA:38,0
DA:45,0
DA:52,0
LF:4
LH:0
BRF:0
BRH:0
end_of_record
TN:
SF:/home/user/work/dabblerUpdated/dabbler/contracts/tab20.sol
FN:7,constructor
FN:9,Initialize
FN:13,mintdabb
FNF:3
FNH:1
FNDA:6,constructor
FNDA:0,Initialize
FNDA:0,mintdabb
DA:10,0
DA:14,0
LF:2
LH:0
BRDA:9,1,0,0
BRDA:9,1,1,0
BRF:2
BRH:0
end_of_record
TN:
SF:/home/user/work/dabblerUpdated/dabbler/contracts/uniRouter.sol
FNF:0
FNH:0
LF:0
LH:0
BRF:0
BRH:0
end_of_record
TN:
SF:/home/user/work/dabblerUpdated/dabbler/contracts/UniswapV2ERC20.sol
FN:25,constructor
FN:41,_mint
FN:47,_burn
FN:53,_approve
FN:58,_transfer
FN:64,approve
FN:69,transfer
FN:74,transferFrom
FN:82,permit
FNF:9
FNH:2
FNDA:12,constructor
FNDA:24,_mint
FNDA:0,_burn
FNDA:0,_approve
FNDA:0,_transfer
FNDA:0,approve
FNDA:0,transfer
FNDA:0,transferFrom
FNDA:0,permit
DA:26,12
DA:27,12
DA:30,12
DA:42,24
DA:43,24
DA:44,24
DA:48,0
DA:49,0
DA:50,0
DA:54,0
DA:55,0
DA:59,0
DA:60,0
DA:61,0
DA:65,0
DA:66,0
DA:70,0
DA:71,0
DA:75,0
DA:76,0
DA:78,0
DA:79,0
DA:83,0
DA:84,0
DA:91,0
DA:92,0
DA:93,0
LF:27
LH:6
BRDA:75,1,0,0
BRDA:75,1,1,0
BRDA:83,2,0,0
BRDA:83,2,1,0
BRDA:92,3,0,0
BRDA:92,3,1,0
BRF:6
BRH:0
end_of_record
TN:
SF:/home/user/work/dabblerUpdated/dabbler/contracts/UniswapV2Factory.sol
FN:18,constructor
FN:22,allPairsLength
FN:26,createPair
FN:50,setFeeTo
FN:55,setFeeToSetter
FNF:5
FNH:2
FNDA:6,constructor
FNDA:0,allPairsLength
FNDA:12,createPair
FNDA:0,setFeeTo
FNDA:0,setFeeToSetter
DA:19,6
DA:23,0
DA:27,12
DA:28,12
DA:29,12
DA:30,12
DA:31,12
DA:32,12
DA:33,12
DA:37,12
DA:43,12
DA:44,12
DA:45,12
DA:46,12
DA:47,12
DA:51,0
DA:52,0
DA:56,0
DA:57,0
LF:19
LH:14
BRDA:27,1,0,12
BRDA:27,1,1,0
BRDA:28,2,0,12
BRDA:28,2,1,0
BRDA:29,3,0,12
BRDA:29,3,1,0
BRDA:30,4,0,12
BRDA:30,4,1,0
BRDA:51,5,0,0
BRDA:51,5,1,0
BRDA:56,6,0,0
BRDA:56,6,1,0
BRF:12
BRH:4
end_of_record
TN:
SF:/home/user/work/dabblerUpdated/dabbler/contracts/UniswapV2Migrator.sol
FN:16,constructor
FN:25,migrate
FNF:2
FNH:0
FNDA:0,constructor
FNDA:0,migrate
DA:17,0
DA:18,0
DA:29,0
DA:30,0
DA:31,0
DA:32,0
DA:33,0
DA:34,0
DA:42,0
DA:43,0
DA:44,0
DA:47,0
LF:12
LH:0
BRDA:31,1,0,0
BRDA:31,1,1,0
BRDA:42,2,0,0
BRDA:42,2,1,0
BRDA:45,3,0,0
BRDA:45,3,1,0
BRF:6
BRH:0
end_of_record
TN:
SF:/home/user/work/dabblerUpdated/dabbler/contracts/UniswapV2Pair.sol
FN:32,lock
FN:39,getReserves
FN:45,_safeTransfer
FN:62,constructor
FN:67,initialize
FN:74,_update
FN:90,_mintFee
FN:111,mint
FN:135,burn
FN:160,swap
FN:191,skim
FN:199,sync
FNF:12
FNH:9
FNDA:26,lock
FNDA:80,getReserves
FNDA:14,_safeTransfer
FNDA:12,constructor
FNDA:12,initialize
FNDA:26,_update
FNDA:12,_mintFee
FNDA:12,mint
FNDA:0,burn
FNDA:14,swap
FNDA:0,skim
FNDA:0,sync
DA:33,26
DA:34,26
DA:35,26
DA:36,25
DA:40,80
DA:41,80
DA:42,80
DA:46,14
DA:47,14
DA:63,12
DA:68,12
DA:69,12
DA:70,12
DA:75,26
DA:76,26
DA:77,26
DA:78,26
DA:80,14
DA:81,14
DA:83,26
DA:84,25
DA:85,25
DA:86,25
DA:91,12
DA:92,12
DA:93,12
DA:94,12
DA:95,0
DA:96,0
DA:97,0
DA:98,0
DA:99,0
DA:100,0
DA:101,0
DA:102,0
DA:106,0
DA:112,12
DA:113,12
DA:114,12
DA:115,12
DA:116,12
DA:118,12
DA:119,12
DA:120,12
DA:121,12
DA:122,12
DA:124,0
DA:126,12
DA:127,12
DA:129,12
DA:130,11
DA:131,11
DA:136,0
DA:137,0
DA:138,0
DA:139,0
DA:140,0
DA:141,0
DA:143,0
DA:144,0
DA:145,0
DA:146,0
DA:147,0
DA:148,0
DA:149,0
DA:150,0
DA:151,0
DA:152,0
DA:154,0
DA:155,0
DA:156,0
DA:161,14
DA:162,14
DA:163,14
DA:165,14
DA:166,14
DA:167,14
DA:168,14
DA:169,14
DA:170,14
DA:171,14
DA:172,14
DA:173,14
DA:174,14
DA:175,14
DA:177,14
DA:178,14
DA:179,14
DA:180,14
DA:181,14
DA:182,14
DA:183,14
DA:186,14
DA:187,14
DA:192,0
DA:193,0
DA:194,0
DA:195,0
DA:200,0
LF:99
LH:65
BRDA:33,1,0,26
BRDA:33,1,1,0
BRDA:47,2,0,14
BRDA:47,2,1,0
BRDA:47,3,0,0
BRDA:47,3,1,14
BRDA:68,4,0,12
BRDA:68,4,1,0
BRDA:75,5,0,26
BRDA:75,5,1,0
BRDA:78,6,0,14
BRDA:78,6,1,12
BRDA:94,7,0,0
BRDA:94,7,1,12
BRDA:95,8,0,0
BRDA:95,8,1,0
BRDA:98,9,0,0
BRDA:98,9,1,0
BRDA:102,10,0,0
BRDA:102,10,1,0
BRDA:105,11,0,0
BRDA:105,11,1,12
BRDA:111,12,0,12
BRDA:111,12,1,0
BRDA:120,13,0,12
BRDA:120,13,1,0
BRDA:126,14,0,12
BRDA:126,14,1,0
BRDA:130,15,0,0
BRDA:130,15,1,11
BRDA:135,16,0,0
BRDA:135,16,1,0
BRDA:147,17,0,0
BRDA:147,17,1,0
BRDA:155,18,0,0
BRDA:155,18,1,0
BRDA:160,19,0,14
BRDA:160,19,1,0
BRDA:161,20,0,14
BRDA:161,20,1,0
BRDA:161,21,0,0
BRDA:161,21,1,14
BRDA:163,22,0,14
BRDA:163,22,1,0
BRDA:170,23,0,14
BRDA:170,23,1,0
BRDA:171,24,0,0
BRDA:171,24,1,14
BRDA:172,25,0,14
BRDA:172,25,1,0
BRDA:173,26,0,0
BRDA:173,26,1,14
BRDA:177,27,0,14
BRDA:177,27,1,0
BRDA:178,28,0,0
BRDA:178,28,1,14
BRDA:179,29,0,14
BRDA:179,29,1,0
BRDA:179,30,0,14
BRDA:179,30,1,0
BRDA:183,31,0,14
BRDA:183,31,1,0
BRDA:191,32,0,0
BRDA:191,32,1,0
BRDA:199,33,0,0
BRDA:199,33,1,0
BRF:66
BRH:26
end_of_record
TN:
SF:/home/user/work/dabblerUpdated/dabbler/contracts/UniswapV2Router01.sol
FN:16,ensure
FN:21,constructor
FN:31,_addLiquidity
FN:68,addLiquidity
FN:82,addLiquidityETH
FN:108,removeLiquidity
FN:124,removeLiquidityETH
FN:138,removeLiquidityWithPermit
FN:153,removeLiquidityETHWithPermit
FN:170,_swap
FN:186,swapExactTokensForTokens
FN:200,swapTokensForExactTokens
FN:210,swapExactETHForTokens
FN:224,swapTokensForExactETH
FN:238,swapExactTokensForETH
FN:257,swapETHForExactTokens
FN:269,quote
FN:273,getAmountOut
FN:277,getAmountIn
FN:281,getAmountsOut
FN:285,getAmountsIn
FNF:21
FNH:0
FNDA:0,ensure
FNDA:0,constructor
FNDA:0,_addLiquidity
FNDA:0,addLiquidity
FNDA:0,addLiquidityETH
FNDA:0,removeLiquidity
FNDA:0,removeLiquidityETH
FNDA:0,removeLiquidityWithPermit
FNDA:0,removeLiquidityETHWithPermit
FNDA:0,_swap
FNDA:0,swapExactTokensForTokens
FNDA:0,swapTokensForExactTokens
FNDA:0,swapExactETHForTokens
FNDA:0,swapTokensForExactETH
FNDA:0,swapExactTokensForETH
FNDA:0,swapETHForExactTokens
FNDA:0,quote
FNDA:0,getAmountOut
FNDA:0,getAmountIn
FNDA:0,getAmountsOut
FNDA:0,getAmountsIn
DA:17,0
DA:18,0
DA:22,0
DA:23,0
DA:27,0
DA:40,0
DA:41,0
DA:43,0
DA:44,0
DA:45,0
DA:47,0
DA:48,0
DA:49,0
DA:50,0
DA:52,0
DA:53,0
DA:54,0
DA:55,0
DA:69,0
DA:70,0
DA:71,0
DA:72,0
DA:73,0
DA:83,0
DA:91,0
DA:92,0
DA:93,0
DA:94,0
DA:95,0
DA:96,0
DA:109,0
DA:110,0
DA:111,0
DA:112,0
DA:113,0
DA:114,0
DA:115,0
DA:125,0
DA:134,0
DA:135,0
DA:136,0
DA:148,0
DA:149,0
DA:150,0
DA:151,0
DA:162,0
DA:163,0
DA:164,0
DA:165,0
DA:171,0
DA:172,0
DA:173,0
DA:174,0
DA:175,0
DA:176,0
DA:177,0
DA:189,0
DA:190,0
DA:191,0
DA:192,0
DA:201,0
DA:202,0
DA:203,0
DA:204,0
DA:214,0
DA:215,0
DA:216,0
DA:217,0
DA:218,0
DA:219,0
DA:227,0
DA:228,0
DA:229,0
DA:230,0
DA:231,0
DA:232,0
DA:233,0
DA:244,0
DA:245,0
DA:247,0
DA:248,0
DA:249,0
DA:250,0
DA:251,0
DA:260,0
DA:261,0
DA:262,0
DA:263,0
DA:264,0
DA:265,0
DA:266,0
DA:270,0
DA:274,0
DA:278,0
DA:282,0
DA:286,0
LF:96
LH:0
BRDA:17,1,0,0
BRDA:17,1,1,0
BRDA:40,2,0,0
BRDA:40,2,1,0
BRDA:44,3,0,0
BRDA:44,3,1,0
BRDA:48,4,0,0
BRDA:48,4,1,0
BRDA:49,5,0,0
BRDA:49,5,1,0
BRDA:54,6,0,0
BRDA:54,6,1,0
BRDA:68,7,0,0
BRDA:68,7,1,0
BRDA:82,8,0,0
BRDA:82,8,1,0
BRDA:96,9,0,0
BRDA:96,9,1,0
BRDA:108,10,0,0
BRDA:108,10,1,0
BRDA:113,11,0,0
BRDA:113,11,1,0
BRDA:114,12,0,0
BRDA:114,12,1,0
BRDA:115,13,0,0
BRDA:115,13,1,0
BRDA:124,14,0,0
BRDA:124,14,1,0
BRDA:149,15,0,0
BRDA:149,15,1,0
BRDA:163,16,0,0
BRDA:163,16,1,0
BRDA:175,17,0,0
BRDA:175,17,1,0
BRDA:176,18,0,0
BRDA:176,18,1,0
BRDA:186,19,0,0
BRDA:186,19,1,0
BRDA:190,20,0,0
BRDA:190,20,1,0
BRDA:200,21,0,0
BRDA:200,21,1,0
BRDA:202,22,0,0
BRDA:202,22,1,0
BRDA:210,23,0,0
BRDA:210,23,1,0
BRDA:214,24,0,0
BRDA:214,24,1,0
BRDA:216,25,0,0
BRDA:216,25,1,0
BRDA:224,26,0,0
BRDA:224,26,1,0
BRDA:227,27,0,0
BRDA:227,27,1,0
BRDA:229,28,0,0
BRDA:229,28,1,0
BRDA:238,29,0,0
BRDA:238,29,1,0
BRDA:244,30,0,0
BRDA:244,30,1,0
BRDA:247,31,0,0
BRDA:247,31,1,0
BRDA:257,32,0,0
BRDA:257,32,1,0
BRDA:260,33,0,0
BRDA:260,33,1,0
BRDA:262,34,0,0
BRDA:262,34,1,0
BRDA:266,35,0,0
BRDA:266,35,1,0
BRF:70
BRH:0
end_of_record
TN:
SF:/home/user/work/dabblerUpdated/dabbler/contracts/UniswapV2Router02.sol
FN:20,ensure
FN:25,constructor
FN:35,_addLiquidity
FN:94,addLiquidity
FN:126,addLiquidityETH
FN:163,removeLiquidity
FN:193,removeLiquidityETH
FN:340,_swap
FN:366,swapExactTokensForTokens
FN:387,swapTokensForExactTokens
FN:411,swapExactETHForTokens
FN:436,swapTokensForExactETH
FN:461,swapExactTokensForETH
FN:491,swapETHForExactTokens
FN:623,quote
FN:631,getAmountOut
FN:639,getAmountIn
FN:647,getAmountsOut
FN:656,getAmountsIn
FNF:19
FNH:7
FNDA:26,ensure
FNDA:6,constructor
FNDA:12,_addLiquidity
FNDA:0,addLiquidity
FNDA:12,addLiquidityETH
FNDA:0,removeLiquidity
FNDA:0,removeLiquidityETH
FNDA:14,_swap
FNDA:0,swapExactTokensForTokens
FNDA:0,swapTokensForExactTokens
FNDA:0,swapExactETHForTokens
FNDA:14,swapTokensForExactETH
FNDA:0,swapExactTokensForETH
FNDA:0,swapETHForExactTokens
FNDA:0,quote
FNDA:0,getAmountOut
FNDA:0,getAmountIn
FNDA:0,getAmountsOut
FNDA:28,getAmountsIn
DA:21,26
DA:22,26
DA:26,6
DA:27,6
DA:31,14
DA:44,12
DA:45,12
DA:47,12
DA:52,12
DA:53,12
DA:55,0
DA:60,0
DA:61,0
DA:65,0
DA:67,0
DA:72,0
DA:73,0
DA:77,0
DA:101,0
DA:109,0
DA:110,0
DA:111,0
DA:112,0
DA:133,12
DA:141,12
DA:142,12
DA:143,12
DA:144,12
DA:145,12
DA:147,11
DA:148,0
DA:166,0
DA:167,0
DA:168,0
DA:169,0
DA:170,0
DA:173,0
DA:177,0
DA:196,0
DA:205,0
DA:206,0
DA:207,0
DA:345,14
DA:346,14
DA:347,14
DA:348,14
DA:349,14
DA:352,14
DA:355,14
DA:367,0
DA:368,0
DA:372,0
DA:378,0
DA:388,0
DA:389,0
DA:393,0
DA:399,0
DA:414,0
DA:415,0
DA:416,0
DA:420,0
DA:421,0
DA:427,0
DA:437,14
DA:438,14
DA:440,14
DA:444,14
DA:450,14
DA:451,14
DA:452,14
DA:462,0
DA:463,0
DA:466,0
DA:470,0
DA:476,0
DA:477,0
DA:479,0
DA:494,0
DA:495,0
DA:496,0
DA:500,0
DA:501,0
DA:507,0
DA:509,0
DA:510,0
DA:628,0
DA:636,0
DA:644,0
DA:653,0
DA:662,28
LF:90
LH:32
BRDA:21,1,0,26
BRDA:21,1,1,0
BRDA:44,2,0,12
BRDA:44,2,1,0
BRDA:52,3,0,12
BRDA:52,3,1,0
BRDA:60,4,0,0
BRDA:60,4,1,0
BRDA:61,5,0,0
BRDA:61,5,1,0
BRDA:73,6,0,0
BRDA:73,6,1,0
BRDA:94,7,0,0
BRDA:94,7,1,0
BRDA:126,8,0,12
BRDA:126,8,1,0
BRDA:147,9,0,0
BRDA:147,9,1,11
BRDA:163,10,0,0
BRDA:163,10,1,0
BRDA:171,11,0,0
BRDA:171,11,1,0
BRDA:173,12,0,0
BRDA:173,12,1,0
BRDA:177,13,0,0
BRDA:177,13,1,0
BRDA:193,14,0,0
BRDA:193,14,1,0
BRDA:350,15,0,14
BRDA:350,15,1,0
BRDA:353,16,0,0
BRDA:353,16,1,14
BRDA:366,17,0,0
BRDA:366,17,1,0
BRDA:368,18,0,0
BRDA:368,18,1,0
BRDA:387,19,0,0
BRDA:387,19,1,0
BRDA:389,20,0,0
BRDA:389,20,1,0
BRDA:411,21,0,0
BRDA:411,21,1,0
BRDA:414,22,0,0
BRDA:414,22,1,0
BRDA:416,23,0,0
BRDA:416,23,1,0
BRDA:436,24,0,14
BRDA:436,24,1,0
BRDA:437,25,0,14
BRDA:437,25,1,0
BRDA:440,26,0,14
BRDA:440,26,1,0
BRDA:461,27,0,0
BRDA:461,27,1,0
BRDA:462,28,0,0
BRDA:462,28,1,0
BRDA:466,29,0,0
BRDA:466,29,1,0
BRDA:491,30,0,0
BRDA:491,30,1,0
BRDA:494,31,0,0
BRDA:494,31,1,0
BRDA:496,32,0,0
BRDA:496,32,1,0
BRDA:509,33,0,0
BRDA:509,33,1,0
BRF:66
BRH:10
end_of_record
TN:
SF:/home/user/work/dabblerUpdated/dabbler/contracts/upgradeability/OwnedUpgradeabilityProxy.sol
FN:36,constructor
FN:44,maintenance
FN:54,setMaintenance
FN:65,proxyOwner
FN:75,setUpgradeabilityOwner
FN:86,transferProxyOwnership
FN:96,upgradeTo
FN:110,upgradeToAndCall
FN:120,
FN:132,implementation
FN:143,setImplementation
FN:154,_upgradeTo
FN:164,_fallback
FN:193,onlyProxyOwner
FNF:14
FNH:0
FNDA:0,constructor
FNDA:0,maintenance
FNDA:0,setMaintenance
FNDA:0,proxyOwner
FNDA:0,setUpgradeabilityOwner
FNDA:0,transferProxyOwnership
FNDA:0,upgradeTo
FNDA:0,upgradeToAndCall
FNDA:0,
FNDA:0,implementation
FNDA:0,setImplementation
FNDA:0,_upgradeTo
FNDA:0,_fallback
FNDA:0,onlyProxyOwner
DA:37,0
DA:45,0
DA:46,0
DA:55,0
DA:56,0
DA:66,0
DA:67,0
DA:76,0
DA:77,0
DA:87,0
DA:88,0
DA:89,0
DA:97,0
DA:111,0
DA:112,0
DA:113,0
DA:121,0
DA:125,0
DA:133,0
DA:134,0
DA:144,0
DA:145,0
DA:155,0
DA:156,0
DA:160,0
DA:161,0
DA:165,0
DA:166,0
DA:171,0
DA:172,0
DA:173,0
DA:194,0
DA:198,0
LF:33
LH:0
BRDA:54,1,0,0
BRDA:54,1,1,0
BRDA:86,2,0,0
BRDA:86,2,1,0
BRDA:87,3,0,0
BRDA:87,3,1,0
BRDA:96,4,0,0
BRDA:96,4,1,0
BRDA:110,5,0,0
BRDA:110,5,1,0
BRDA:113,6,0,0
BRDA:113,6,1,0
BRDA:156,7,0,0
BRDA:156,7,1,0
BRDA:165,8,0,0
BRDA:165,8,1,0
BRDA:166,9,0,0
BRDA:166,9,1,0
BRDA:172,10,0,0
BRDA:172,10,1,0
BRDA:194,11,0,0
BRDA:194,11,1,0
BRF:22
BRH:0
end_of_record
TN:
SF:/home/user/work/dabblerUpdated/dabbler/contracts/USDC.sol
FN:7,constructor
FN:9,Initialize
FN:14,mintdabb
FN:19,decimals
FNF:4
FNH:0
FNDA:0,constructor
FNDA:0,Initialize
FNDA:0,mintdabb
FNDA:0,decimals
DA:10,0
DA:11,0
DA:15,0
DA:20,0
LF:4
LH:0
BRDA:9,1,0,0
BRDA:9,1,1,0
BRF:2
BRH:0
end_of_record
TN:
SF:/home/user/work/dabblerUpdated/dabbler/contracts/USDT.sol
FN:7,constructor
FN:9,Initialize
FN:14,mintdabb
FN:19,decimals
FNF:4
FNH:0
FNDA:0,constructor
FNDA:0,Initialize
FNDA:0,mintdabb
FNDA:0,decimals
DA:10,0
DA:11,0
DA:15,0
DA:20,0
LF:4
LH:0
BRDA:9,1,0,0
BRDA:9,1,1,0
BRF:2
BRH:0
end_of_record
TN:
SF:/home/user/work/dabblerUpdated/dabbler/contracts/WBTC.sol
FN:7,constructor
FN:9,Initialize
FN:14,mintdabb
FN:19,decimals
FNF:4
FNH:0
FNDA:0,constructor
FNDA:0,Initialize
FNDA:0,mintdabb
FNDA:0,decimals
DA:10,0
DA:11,0
DA:15,0
DA:20,0
LF:4
LH:0
BRDA:9,1,0,0
BRDA:9,1,1,0
BRF:2
BRH:0
end_of_record
TN:
SF:/home/user/work/dabblerUpdated/dabbler/contracts/WETHToken.sol
FN:20,deposit
FN:24,withdraw
FN:31,totalSupply
FN:35,approve
FN:41,transfer
FN:45,transferFrom
FNF:6
FNH:4
FNDA:12,deposit
FNDA:14,withdraw
FNDA:0,totalSupply
FNDA:0,approve
FNDA:26,transfer
FNDA:26,transferFrom
DA:21,12
DA:22,12
DA:25,14
DA:26,14
DA:27,14
DA:28,14
DA:32,0
DA:36,0
DA:37,0
DA:38,0
DA:42,26
DA:49,26
DA:51,26
DA:52,0
DA:53,0
DA:56,26
DA:57,26
DA:59,26
DA:61,26
LF:19
LH:13
BRDA:25,1,0,14
BRDA:25,1,1,0
BRDA:49,2,0,26
BRDA:49,2,1,0
BRDA:51,3,0,0
BRDA:51,3,1,26
BRDA:52,4,0,0
BRDA:52,4,1,0
BRF:8
BRH:3
end_of_record
